#
# There is insufficient memory for the Java Runtime Environment to continue.
# Native memory allocation (mmap) failed to map 677380096 bytes for G1 virtual space
# Possible reasons:
#   The system is out of physical RAM or swap space
#   The process is running with CompressedOops enabled, and the Java Heap may be blocking the growth of the native heap
# Possible solutions:
#   Reduce memory load on the system
#   Increase physical memory or swap space
#   Check if swap backing store is full
#   Decrease Java heap size (-Xmx/-Xms)
#   Decrease number of Java threads
#   Decrease Java thread stack sizes (-Xss)
#   Set larger code cache with -XX:ReservedCodeCacheSize=
#   JVM is running with Zero Based Compressed Oops mode in which the Java heap is
#     placed in the first 32GB address space. The Java Heap base address is the
#     maximum limit for the native heap growth. Please use -XX:HeapBaseMinAddress
#     to set the Java Heap base and to place the Java Heap above 32GB virtual address.
# This output file may be truncated or incomplete.
#
#  Out of Memory Error (os_windows.cpp:3469), pid=11572, tid=12568
#
# JRE version: Java(TM) SE Runtime Environment (17.0+35) (build 17+35-LTS-2724)
# Java VM: Java HotSpot(TM) 64-Bit Server VM (17+35-LTS-2724, mixed mode, sharing, tiered, compressed oops, compressed class ptrs, g1 gc, windows-amd64)
# No core dump will be written. Minidumps are not enabled by default on client versions of Windows
#

---------------  S U M M A R Y ------------

Command Line: -ea -Didea.test.cyclic.buffer.size=1048576 -javaagent:C:\Program Files\JetBrains\IntelliJ IDEA Educational Edition 2021.2.2\lib\idea_rt.jar=62454:C:\Program Files\JetBrains\IntelliJ IDEA Educational Edition 2021.2.2\bin -Dfile.encoding=UTF-8 com.intellij.rt.junit.JUnitStarter -ideVersion5 -junit5 NavigationDataFileTest,navigationDataToObject

Host: Intel(R) Core(TM) i5-4690K CPU @ 3.50GHz, 4 cores, 15G,  Windows 10 , 64 bit Build 22000 (10.0.22000.282)
Time: Tue Nov  9 22:57:05 2021 Central Europe Standard Time elapsed time: 1.151362 seconds (0d 0h 0m 1s)

---------------  T H R E A D  ---------------

Current thread (0x000001ed2f3b2860):  VMThread "VM Thread" [stack: 0x000000b741500000,0x000000b741600000] [id=12568]

Stack: [0x000000b741500000,0x000000b741600000]
Native frames: (J=compiled Java code, j=interpreted, Vv=VM code, C=native code)
V  [jvm.dll+0x66f8ea]
V  [jvm.dll+0x7ce224]
V  [jvm.dll+0x7cf9ce]
V  [jvm.dll+0x7d0033]
V  [jvm.dll+0x242bb5]
V  [jvm.dll+0x66c909]
V  [jvm.dll+0x6613d2]
V  [jvm.dll+0x30082b]
V  [jvm.dll+0x307db6]
V  [jvm.dll+0x357a0e]
V  [jvm.dll+0x357c3f]
V  [jvm.dll+0x2d7ae8]
V  [jvm.dll+0x2d5db4]
V  [jvm.dll+0x2d53bc]
V  [jvm.dll+0x318d1b]
V  [jvm.dll+0x7d44cb]
V  [jvm.dll+0x7d5204]
V  [jvm.dll+0x7d571c]
V  [jvm.dll+0x7d5af4]
V  [jvm.dll+0x7d5bc0]
V  [jvm.dll+0x77e7ea]
V  [jvm.dll+0x66e715]
C  [ucrtbase.dll+0x26c0c]
C  [KERNEL32.DLL+0x154e0]
C  [ntdll.dll+0x485b]

VM_Operation (0x000000b740ffaef0): G1CollectForAllocation, mode: safepoint, requested by thread 0x000001ed0cf34fd0


---------------  P R O C E S S  ---------------

Threads class SMR info:
_java_thread_list=0x000001ed30820560, length=13, elements={
0x000001ed0cf34fd0, 0x000001ed2f3b8860, 0x000001ed2f3b96d0, 0x000001ed2f3c9630,
0x000001ed2f3cc0f0, 0x000001ed2f3cd0b0, 0x000001ed2f3cda60, 0x000001ed2f3d9880,
0x000001ed2f3e45b0, 0x000001ed2f3e8ae0, 0x000001ed2f3a0cf0, 0x000001ed301ac6b0,
0x000001ed301acb80
}

Java Threads: ( => current thread )
  0x000001ed0cf34fd0 JavaThread "main" [_thread_blocked, id=12724, stack(0x000000b740f00000,0x000000b741000000)]
  0x000001ed2f3b8860 JavaThread "Reference Handler" daemon [_thread_blocked, id=6464, stack(0x000000b741600000,0x000000b741700000)]
  0x000001ed2f3b96d0 JavaThread "Finalizer" daemon [_thread_blocked, id=6328, stack(0x000000b741700000,0x000000b741800000)]
  0x000001ed2f3c9630 JavaThread "Signal Dispatcher" daemon [_thread_blocked, id=5860, stack(0x000000b741800000,0x000000b741900000)]
  0x000001ed2f3cc0f0 JavaThread "Attach Listener" daemon [_thread_blocked, id=15804, stack(0x000000b741900000,0x000000b741a00000)]
  0x000001ed2f3cd0b0 JavaThread "Service Thread" daemon [_thread_blocked, id=8880, stack(0x000000b741a00000,0x000000b741b00000)]
  0x000001ed2f3cda60 JavaThread "Monitor Deflation Thread" daemon [_thread_blocked, id=13100, stack(0x000000b741b00000,0x000000b741c00000)]
  0x000001ed2f3d9880 JavaThread "C2 CompilerThread0" daemon [_thread_blocked, id=1256, stack(0x000000b741c00000,0x000000b741d00000)]
  0x000001ed2f3e45b0 JavaThread "C1 CompilerThread0" daemon [_thread_blocked, id=6468, stack(0x000000b741d00000,0x000000b741e00000)]
  0x000001ed2f3e8ae0 JavaThread "Sweeper thread" daemon [_thread_blocked, id=7084, stack(0x000000b741e00000,0x000000b741f00000)]
  0x000001ed2f3a0cf0 JavaThread "Common-Cleaner" daemon [_thread_blocked, id=3492, stack(0x000000b741f00000,0x000000b742000000)]
  0x000001ed301ac6b0 JavaThread "Monitor Ctrl-Break" daemon [_thread_in_native, id=16152, stack(0x000000b742000000,0x000000b742100000)]
  0x000001ed301acb80 JavaThread "Notification Thread" daemon [_thread_blocked, id=8328, stack(0x000000b742100000,0x000000b742200000)]

Other Threads:
=>0x000001ed2f3b2860 VMThread "VM Thread" [stack: 0x000000b741500000,0x000000b741600000] [id=12568]
  0x000001ed301da330 WatcherThread [stack: 0x000000b742200000,0x000000b742300000] [id=15700]
  0x000001ed0ad59f80 GCTaskThread "GC Thread#0" [stack: 0x000000b741000000,0x000000b741100000] [id=1420]
  0x000001ed30764d60 GCTaskThread "GC Thread#1" [stack: 0x000000b742300000,0x000000b742400000] [id=14816]
  0x000001ed3072d440 GCTaskThread "GC Thread#2" [stack: 0x000000b742400000,0x000000b742500000] [id=7388]
  0x000001ed3072d6f0 GCTaskThread "GC Thread#3" [stack: 0x000000b742500000,0x000000b742600000] [id=10676]
  0x000001ed0cf91ea0 ConcurrentGCThread "G1 Main Marker" [stack: 0x000000b741100000,0x000000b741200000] [id=12256]
  0x000001ed0cf927c0 ConcurrentGCThread "G1 Conc#0" [stack: 0x000000b741200000,0x000000b741300000] [id=11336]
  0x000001ed0cff8c20 ConcurrentGCThread "G1 Refine#0" [stack: 0x000000b741300000,0x000000b741400000] [id=13984]
  0x000001ed2f282c00 ConcurrentGCThread "G1 Service" [stack: 0x000000b741400000,0x000000b741500000] [id=5948]

Threads with active compile tasks:

VM state: at safepoint (normal execution)

VM Mutex/Monitor currently owned by a thread:  ([mutex/lock_event])
[0x000001ed0cf30810] Threads_lock - owner thread: 0x000001ed2f3b2860
[0x000001ed0cf313e0] Heap_lock - owner thread: 0x000001ed0cf34fd0

Heap address: 0x0000000700c00000, size: 4084 MB, Compressed Oops mode: Zero based, Oop shift amount: 3

CDS archive(s) mapped at: [0x0000000800000000-0x0000000800bc0000-0x0000000800bc0000), size 12320768, SharedBaseAddress: 0x0000000800000000, ArchiveRelocationMode: 0.
Compressed class space mapped at: 0x0000000800c00000-0x0000000840c00000, reserved size: 1073741824
Narrow klass base: 0x0000000800000000, Narrow klass shift: 0, Narrow klass range: 0x100000000

GC Precious Log:
 CPUs: 4 total, 4 available
 Memory: 16331M
 Large Page Support: Disabled
 NUMA Support: Disabled
 Compressed Oops: Enabled (Zero based)
 Heap Region Size: 2M
 Heap Min Capacity: 8M
 Heap Initial Capacity: 256M
 Heap Max Capacity: 4084M
 Pre-touch: Disabled
 Parallel Workers: 4
 Concurrent Workers: 1
 Concurrent Refinement Workers: 4
 Periodic GC: Disabled

Heap:
 garbage-first heap   total 661504K, used 312280K [0x0000000700c00000, 0x0000000800000000)
  region size 2048K, 2 young (4096K), 2 survivors (4096K)
 Metaspace       used 5772K, committed 5888K, reserved 1056768K
  class space    used 721K, committed 768K, reserved 1048576K

Heap Regions: E=young(eden), S=young(survivor), O=old, HS=humongous(starts), HC=humongous(continues), CS=collection set, F=free, OA=open archive, CA=closed archive, TAMS=top-at-mark-start (previous, next)
|   0|0x0000000700c00000, 0x0000000700d11a00, 0x0000000700e00000| 53%| O|  |TAMS 0x0000000700c00000, 0x0000000700d11a00| Untracked 
|   1|0x0000000700e00000, 0x0000000700e00000, 0x0000000701000000|  0%| F|  |TAMS 0x0000000700e00000, 0x0000000700e00000| Untracked 
|   2|0x0000000701000000, 0x0000000701000000, 0x0000000701200000|  0%| F|  |TAMS 0x0000000701000000, 0x0000000701000000| Untracked 
|   3|0x0000000701200000, 0x0000000701200000, 0x0000000701400000|  0%| F|  |TAMS 0x0000000701200000, 0x0000000701200000| Untracked 
|   4|0x0000000701400000, 0x0000000701400000, 0x0000000701600000|  0%| F|  |TAMS 0x0000000701400000, 0x0000000701400000| Untracked 
|   5|0x0000000701600000, 0x0000000701600000, 0x0000000701800000|  0%| F|  |TAMS 0x0000000701600000, 0x0000000701600000| Untracked 
|   6|0x0000000701800000, 0x0000000701800000, 0x0000000701a00000|  0%| F|  |TAMS 0x0000000701800000, 0x0000000701800000| Untracked 
|   7|0x0000000701a00000, 0x0000000701c00000, 0x0000000701c00000|100%|HS|  |TAMS 0x0000000701a00000, 0x0000000701c00000| Complete 
|   8|0x0000000701c00000, 0x0000000701e00000, 0x0000000701e00000|100%|HC|  |TAMS 0x0000000701c00000, 0x0000000701e00000| Complete 
|   9|0x0000000701e00000, 0x0000000702000000, 0x0000000702000000|100%|HC|  |TAMS 0x0000000701e00000, 0x0000000702000000| Complete 
|  10|0x0000000702000000, 0x0000000702200000, 0x0000000702200000|100%| O|  |TAMS 0x0000000702000000, 0x0000000702200000| Untracked 
|  11|0x0000000702200000, 0x0000000702400000, 0x0000000702400000|100%| O|  |TAMS 0x0000000702200000, 0x0000000702400000| Untracked 
|  12|0x0000000702400000, 0x0000000702400000, 0x0000000702600000|  0%| F|  |TAMS 0x0000000702400000, 0x0000000702400000| Untracked 
|  13|0x0000000702600000, 0x0000000702600000, 0x0000000702800000|  0%| F|  |TAMS 0x0000000702600000, 0x0000000702600000| Untracked 
|  14|0x0000000702800000, 0x0000000702800000, 0x0000000702a00000|  0%| F|  |TAMS 0x0000000702800000, 0x0000000702800000| Untracked 
|  15|0x0000000702a00000, 0x0000000702a00000, 0x0000000702c00000|  0%| F|  |TAMS 0x0000000702a00000, 0x0000000702a00000| Untracked 
|  16|0x0000000702c00000, 0x0000000702c00000, 0x0000000702e00000|  0%| F|  |TAMS 0x0000000702c00000, 0x0000000702c00000| Untracked 
|  17|0x0000000702e00000, 0x0000000702fe4980, 0x0000000703000000| 94%| S|CS|TAMS 0x0000000702e00000, 0x0000000702e00000| Complete 
|  18|0x0000000703000000, 0x0000000703200000, 0x0000000703200000|100%| S|CS|TAMS 0x0000000703000000, 0x0000000703000000| Complete 
|  19|0x0000000703200000, 0x0000000703200000, 0x0000000703400000|  0%| F|  |TAMS 0x0000000703200000, 0x0000000703200000| Untracked 
|  20|0x0000000703400000, 0x0000000703400000, 0x0000000703600000|  0%| F|  |TAMS 0x0000000703400000, 0x0000000703400000| Untracked 
|  21|0x0000000703600000, 0x0000000703600000, 0x0000000703800000|  0%| F|  |TAMS 0x0000000703600000, 0x0000000703600000| Untracked 
|  22|0x0000000703800000, 0x0000000703800000, 0x0000000703a00000|  0%| F|  |TAMS 0x0000000703800000, 0x0000000703800000| Untracked 
|  23|0x0000000703a00000, 0x0000000703a00000, 0x0000000703c00000|  0%| F|  |TAMS 0x0000000703a00000, 0x0000000703a00000| Untracked 
|  24|0x0000000703c00000, 0x0000000703c00000, 0x0000000703e00000|  0%| F|  |TAMS 0x0000000703c00000, 0x0000000703c00000| Untracked 
|  25|0x0000000703e00000, 0x0000000703e00000, 0x0000000704000000|  0%| F|  |TAMS 0x0000000703e00000, 0x0000000703e00000| Untracked 
|  26|0x0000000704000000, 0x0000000704000000, 0x0000000704200000|  0%| F|  |TAMS 0x0000000704000000, 0x0000000704000000| Untracked 
|  27|0x0000000704200000, 0x0000000704200000, 0x0000000704400000|  0%| F|  |TAMS 0x0000000704200000, 0x0000000704200000| Untracked 
|  28|0x0000000704400000, 0x0000000704400000, 0x0000000704600000|  0%| F|  |TAMS 0x0000000704400000, 0x0000000704400000| Untracked 
|  29|0x0000000704600000, 0x0000000704600000, 0x0000000704800000|  0%| F|  |TAMS 0x0000000704600000, 0x0000000704600000| Untracked 
|  30|0x0000000704800000, 0x0000000704800000, 0x0000000704a00000|  0%| F|  |TAMS 0x0000000704800000, 0x0000000704800000| Untracked 
|  31|0x0000000704a00000, 0x0000000704a00000, 0x0000000704c00000|  0%| F|  |TAMS 0x0000000704a00000, 0x0000000704a00000| Untracked 
|  32|0x0000000704c00000, 0x0000000704c00000, 0x0000000704e00000|  0%| F|  |TAMS 0x0000000704c00000, 0x0000000704c00000| Untracked 
|  33|0x0000000704e00000, 0x0000000704e00000, 0x0000000705000000|  0%| F|  |TAMS 0x0000000704e00000, 0x0000000704e00000| Untracked 
|  34|0x0000000705000000, 0x0000000705000000, 0x0000000705200000|  0%| F|  |TAMS 0x0000000705000000, 0x0000000705000000| Untracked 
|  35|0x0000000705200000, 0x0000000705200000, 0x0000000705400000|  0%| F|  |TAMS 0x0000000705200000, 0x0000000705200000| Untracked 
|  36|0x0000000705400000, 0x0000000705400000, 0x0000000705600000|  0%| F|  |TAMS 0x0000000705400000, 0x0000000705400000| Untracked 
|  37|0x0000000705600000, 0x0000000705600000, 0x0000000705800000|  0%| F|  |TAMS 0x0000000705600000, 0x0000000705600000| Untracked 
|  38|0x0000000705800000, 0x0000000705800000, 0x0000000705a00000|  0%| F|  |TAMS 0x0000000705800000, 0x0000000705800000| Untracked 
|  39|0x0000000705a00000, 0x0000000705a00000, 0x0000000705c00000|  0%| F|  |TAMS 0x0000000705a00000, 0x0000000705a00000| Untracked 
|  40|0x0000000705c00000, 0x0000000705c00000, 0x0000000705e00000|  0%| F|  |TAMS 0x0000000705c00000, 0x0000000705c00000| Untracked 
|  41|0x0000000705e00000, 0x0000000705e00000, 0x0000000706000000|  0%| F|  |TAMS 0x0000000705e00000, 0x0000000705e00000| Untracked 
|  42|0x0000000706000000, 0x0000000706000000, 0x0000000706200000|  0%| F|  |TAMS 0x0000000706000000, 0x0000000706000000| Untracked 
|  43|0x0000000706200000, 0x0000000706200000, 0x0000000706400000|  0%| F|  |TAMS 0x0000000706200000, 0x0000000706200000| Untracked 
|  44|0x0000000706400000, 0x0000000706400000, 0x0000000706600000|  0%| F|  |TAMS 0x0000000706400000, 0x0000000706400000| Untracked 
|  45|0x0000000706600000, 0x0000000706600000, 0x0000000706800000|  0%| F|  |TAMS 0x0000000706600000, 0x0000000706600000| Untracked 
|  46|0x0000000706800000, 0x0000000706800000, 0x0000000706a00000|  0%| F|  |TAMS 0x0000000706800000, 0x0000000706800000| Untracked 
|  47|0x0000000706a00000, 0x0000000706a00000, 0x0000000706c00000|  0%| F|  |TAMS 0x0000000706a00000, 0x0000000706a00000| Untracked 
|  48|0x0000000706c00000, 0x0000000706c00000, 0x0000000706e00000|  0%| F|  |TAMS 0x0000000706c00000, 0x0000000706c00000| Untracked 
|  49|0x0000000706e00000, 0x0000000706e00000, 0x0000000707000000|  0%| F|  |TAMS 0x0000000706e00000, 0x0000000706e00000| Untracked 
|  50|0x0000000707000000, 0x0000000707000000, 0x0000000707200000|  0%| F|  |TAMS 0x0000000707000000, 0x0000000707000000| Untracked 
|  51|0x0000000707200000, 0x0000000707200000, 0x0000000707400000|  0%| F|  |TAMS 0x0000000707200000, 0x0000000707200000| Untracked 
|  52|0x0000000707400000, 0x0000000707400000, 0x0000000707600000|  0%| F|  |TAMS 0x0000000707400000, 0x0000000707400000| Untracked 
|  53|0x0000000707600000, 0x0000000707600000, 0x0000000707800000|  0%| F|  |TAMS 0x0000000707600000, 0x0000000707600000| Untracked 
|  54|0x0000000707800000, 0x0000000707800000, 0x0000000707a00000|  0%| F|  |TAMS 0x0000000707800000, 0x0000000707800000| Untracked 
|  55|0x0000000707a00000, 0x0000000707a00000, 0x0000000707c00000|  0%| F|  |TAMS 0x0000000707a00000, 0x0000000707a00000| Untracked 
|  56|0x0000000707c00000, 0x0000000707c00000, 0x0000000707e00000|  0%| F|  |TAMS 0x0000000707c00000, 0x0000000707c00000| Untracked 
|  57|0x0000000707e00000, 0x0000000707e00000, 0x0000000708000000|  0%| F|  |TAMS 0x0000000707e00000, 0x0000000707e00000| Untracked 
|  58|0x0000000708000000, 0x0000000708000000, 0x0000000708200000|  0%| F|  |TAMS 0x0000000708000000, 0x0000000708000000| Untracked 
|  59|0x0000000708200000, 0x0000000708200000, 0x0000000708400000|  0%| F|  |TAMS 0x0000000708200000, 0x0000000708200000| Untracked 
|  60|0x0000000708400000, 0x0000000708400000, 0x0000000708600000|  0%| F|  |TAMS 0x0000000708400000, 0x0000000708400000| Untracked 
|  61|0x0000000708600000, 0x0000000708600000, 0x0000000708800000|  0%| F|  |TAMS 0x0000000708600000, 0x0000000708600000| Untracked 
|  62|0x0000000708800000, 0x0000000708800000, 0x0000000708a00000|  0%| F|  |TAMS 0x0000000708800000, 0x0000000708800000| Untracked 
|  63|0x0000000708a00000, 0x0000000708a00000, 0x0000000708c00000|  0%| F|  |TAMS 0x0000000708a00000, 0x0000000708a00000| Untracked 
|  64|0x0000000708c00000, 0x0000000708c00000, 0x0000000708e00000|  0%| F|  |TAMS 0x0000000708c00000, 0x0000000708c00000| Untracked 
|  65|0x0000000708e00000, 0x0000000708e00000, 0x0000000709000000|  0%| F|  |TAMS 0x0000000708e00000, 0x0000000708e00000| Untracked 
|  66|0x0000000709000000, 0x0000000709000000, 0x0000000709200000|  0%| F|  |TAMS 0x0000000709000000, 0x0000000709000000| Untracked 
|  67|0x0000000709200000, 0x0000000709200000, 0x0000000709400000|  0%| F|  |TAMS 0x0000000709200000, 0x0000000709200000| Untracked 
|  68|0x0000000709400000, 0x0000000709400000, 0x0000000709600000|  0%| F|  |TAMS 0x0000000709400000, 0x0000000709400000| Untracked 
|  69|0x0000000709600000, 0x0000000709600000, 0x0000000709800000|  0%| F|  |TAMS 0x0000000709600000, 0x0000000709600000| Untracked 
|  70|0x0000000709800000, 0x0000000709800000, 0x0000000709a00000|  0%| F|  |TAMS 0x0000000709800000, 0x0000000709800000| Untracked 
|  71|0x0000000709a00000, 0x0000000709a00000, 0x0000000709c00000|  0%| F|  |TAMS 0x0000000709a00000, 0x0000000709a00000| Untracked 
|  72|0x0000000709c00000, 0x0000000709c00000, 0x0000000709e00000|  0%| F|  |TAMS 0x0000000709c00000, 0x0000000709c00000| Untracked 
|  73|0x0000000709e00000, 0x0000000709e00000, 0x000000070a000000|  0%| F|  |TAMS 0x0000000709e00000, 0x0000000709e00000| Untracked 
|  74|0x000000070a000000, 0x000000070a000000, 0x000000070a200000|  0%| F|  |TAMS 0x000000070a000000, 0x000000070a000000| Untracked 
|  75|0x000000070a200000, 0x000000070a200000, 0x000000070a400000|  0%| F|  |TAMS 0x000000070a200000, 0x000000070a200000| Untracked 
|  76|0x000000070a400000, 0x000000070a400000, 0x000000070a600000|  0%| F|  |TAMS 0x000000070a400000, 0x000000070a400000| Untracked 
|  77|0x000000070a600000, 0x000000070a600000, 0x000000070a800000|  0%| F|  |TAMS 0x000000070a600000, 0x000000070a600000| Untracked 
|  78|0x000000070a800000, 0x000000070a800000, 0x000000070aa00000|  0%| F|  |TAMS 0x000000070a800000, 0x000000070a800000| Untracked 
|  79|0x000000070aa00000, 0x000000070aa00000, 0x000000070ac00000|  0%| F|  |TAMS 0x000000070aa00000, 0x000000070aa00000| Untracked 
|  80|0x000000070ac00000, 0x000000070ac00000, 0x000000070ae00000|  0%| F|  |TAMS 0x000000070ac00000, 0x000000070ac00000| Untracked 
|  81|0x000000070ae00000, 0x000000070ae00000, 0x000000070b000000|  0%| F|  |TAMS 0x000000070ae00000, 0x000000070ae00000| Untracked 
|  82|0x000000070b000000, 0x000000070b000000, 0x000000070b200000|  0%| F|  |TAMS 0x000000070b000000, 0x000000070b000000| Untracked 
|  83|0x000000070b200000, 0x000000070b200000, 0x000000070b400000|  0%| F|  |TAMS 0x000000070b200000, 0x000000070b200000| Untracked 
|  84|0x000000070b400000, 0x000000070b400000, 0x000000070b600000|  0%| F|  |TAMS 0x000000070b400000, 0x000000070b400000| Untracked 
|  85|0x000000070b600000, 0x000000070b600000, 0x000000070b800000|  0%| F|  |TAMS 0x000000070b600000, 0x000000070b600000| Untracked 
|  86|0x000000070b800000, 0x000000070b800000, 0x000000070ba00000|  0%| F|  |TAMS 0x000000070b800000, 0x000000070b800000| Untracked 
|  87|0x000000070ba00000, 0x000000070ba00000, 0x000000070bc00000|  0%| F|  |TAMS 0x000000070ba00000, 0x000000070ba00000| Untracked 
|  88|0x000000070bc00000, 0x000000070bc00000, 0x000000070be00000|  0%| F|  |TAMS 0x000000070bc00000, 0x000000070bc00000| Untracked 
|  89|0x000000070be00000, 0x000000070be00000, 0x000000070c000000|  0%| F|  |TAMS 0x000000070be00000, 0x000000070be00000| Untracked 
|  90|0x000000070c000000, 0x000000070c000000, 0x000000070c200000|  0%| F|  |TAMS 0x000000070c000000, 0x000000070c000000| Untracked 
|  91|0x000000070c200000, 0x000000070c200000, 0x000000070c400000|  0%| F|  |TAMS 0x000000070c200000, 0x000000070c200000| Untracked 
|  92|0x000000070c400000, 0x000000070c400000, 0x000000070c600000|  0%| F|  |TAMS 0x000000070c400000, 0x000000070c400000| Untracked 
|  93|0x000000070c600000, 0x000000070c600000, 0x000000070c800000|  0%| F|  |TAMS 0x000000070c600000, 0x000000070c600000| Untracked 
|  94|0x000000070c800000, 0x000000070c800000, 0x000000070ca00000|  0%| F|  |TAMS 0x000000070c800000, 0x000000070c800000| Untracked 
|  95|0x000000070ca00000, 0x000000070ca00000, 0x000000070cc00000|  0%| F|  |TAMS 0x000000070ca00000, 0x000000070ca00000| Untracked 
|  96|0x000000070cc00000, 0x000000070cc00000, 0x000000070ce00000|  0%| F|  |TAMS 0x000000070cc00000, 0x000000070cc00000| Untracked 
|  97|0x000000070ce00000, 0x000000070ce00000, 0x000000070d000000|  0%| F|  |TAMS 0x000000070ce00000, 0x000000070ce00000| Untracked 
|  98|0x000000070d000000, 0x000000070d000000, 0x000000070d200000|  0%| F|  |TAMS 0x000000070d000000, 0x000000070d000000| Untracked 
|  99|0x000000070d200000, 0x000000070d200000, 0x000000070d400000|  0%| F|  |TAMS 0x000000070d200000, 0x000000070d200000| Untracked 
| 100|0x000000070d400000, 0x000000070d400000, 0x000000070d600000|  0%| F|  |TAMS 0x000000070d400000, 0x000000070d400000| Untracked 
| 101|0x000000070d600000, 0x000000070d600000, 0x000000070d800000|  0%| F|  |TAMS 0x000000070d600000, 0x000000070d600000| Untracked 
| 102|0x000000070d800000, 0x000000070d800000, 0x000000070da00000|  0%| F|  |TAMS 0x000000070d800000, 0x000000070d800000| Untracked 
| 103|0x000000070da00000, 0x000000070da00000, 0x000000070dc00000|  0%| F|  |TAMS 0x000000070da00000, 0x000000070da00000| Untracked 
| 104|0x000000070dc00000, 0x000000070dc00000, 0x000000070de00000|  0%| F|  |TAMS 0x000000070dc00000, 0x000000070dc00000| Untracked 
| 105|0x000000070de00000, 0x000000070de00000, 0x000000070e000000|  0%| F|  |TAMS 0x000000070de00000, 0x000000070de00000| Untracked 
| 106|0x000000070e000000, 0x000000070e000000, 0x000000070e200000|  0%| F|  |TAMS 0x000000070e000000, 0x000000070e000000| Untracked 
| 107|0x000000070e200000, 0x000000070e200000, 0x000000070e400000|  0%| F|  |TAMS 0x000000070e200000, 0x000000070e200000| Untracked 
| 108|0x000000070e400000, 0x000000070e400000, 0x000000070e600000|  0%| F|  |TAMS 0x000000070e400000, 0x000000070e400000| Untracked 
| 109|0x000000070e600000, 0x000000070e600000, 0x000000070e800000|  0%| F|  |TAMS 0x000000070e600000, 0x000000070e600000| Untracked 
| 110|0x000000070e800000, 0x000000070e800000, 0x000000070ea00000|  0%| F|  |TAMS 0x000000070e800000, 0x000000070e800000| Untracked 
| 111|0x000000070ea00000, 0x000000070ea00000, 0x000000070ec00000|  0%| F|  |TAMS 0x000000070ea00000, 0x000000070ea00000| Untracked 
| 112|0x000000070ec00000, 0x000000070ec00000, 0x000000070ee00000|  0%| F|  |TAMS 0x000000070ec00000, 0x000000070ec00000| Untracked 
| 113|0x000000070ee00000, 0x000000070ee00000, 0x000000070f000000|  0%| F|  |TAMS 0x000000070ee00000, 0x000000070ee00000| Untracked 
| 114|0x000000070f000000, 0x000000070f000000, 0x000000070f200000|  0%| F|  |TAMS 0x000000070f000000, 0x000000070f000000| Untracked 
| 115|0x000000070f200000, 0x000000070f200000, 0x000000070f400000|  0%| F|  |TAMS 0x000000070f200000, 0x000000070f200000| Untracked 
| 116|0x000000070f400000, 0x000000070f400000, 0x000000070f600000|  0%| F|  |TAMS 0x000000070f400000, 0x000000070f400000| Untracked 
| 117|0x000000070f600000, 0x000000070f600000, 0x000000070f800000|  0%| F|  |TAMS 0x000000070f600000, 0x000000070f600000| Untracked 
| 118|0x000000070f800000, 0x000000070f800000, 0x000000070fa00000|  0%| F|  |TAMS 0x000000070f800000, 0x000000070f800000| Untracked 
| 119|0x000000070fa00000, 0x000000070fa00000, 0x000000070fc00000|  0%| F|  |TAMS 0x000000070fa00000, 0x000000070fa00000| Untracked 
| 120|0x000000070fc00000, 0x000000070fc00000, 0x000000070fe00000|  0%| F|  |TAMS 0x000000070fc00000, 0x000000070fc00000| Untracked 
| 121|0x000000070fe00000, 0x000000070fe00000, 0x0000000710000000|  0%| F|  |TAMS 0x000000070fe00000, 0x000000070fe00000| Untracked 
| 122|0x0000000710000000, 0x0000000710000000, 0x0000000710200000|  0%| F|  |TAMS 0x0000000710000000, 0x0000000710000000| Untracked 
| 123|0x0000000710200000, 0x0000000710200000, 0x0000000710400000|  0%| F|  |TAMS 0x0000000710200000, 0x0000000710200000| Untracked 
| 124|0x0000000710400000, 0x0000000710400000, 0x0000000710600000|  0%| F|  |TAMS 0x0000000710400000, 0x0000000710400000| Untracked 
| 125|0x0000000710600000, 0x0000000710600000, 0x0000000710800000|  0%| F|  |TAMS 0x0000000710600000, 0x0000000710600000| Untracked 
| 126|0x0000000710800000, 0x0000000710800000, 0x0000000710a00000|  0%| F|  |TAMS 0x0000000710800000, 0x0000000710800000| Untracked 
| 127|0x0000000710a00000, 0x0000000710a00000, 0x0000000710c00000|  0%| F|  |TAMS 0x0000000710a00000, 0x0000000710a00000| Untracked 
| 128|0x0000000710c00000, 0x0000000710c00000, 0x0000000710e00000|  0%| F|  |TAMS 0x0000000710c00000, 0x0000000710c00000| Untracked 
| 129|0x0000000710e00000, 0x0000000710e00000, 0x0000000711000000|  0%| F|  |TAMS 0x0000000710e00000, 0x0000000710e00000| Untracked 
| 130|0x0000000711000000, 0x0000000711000000, 0x0000000711200000|  0%| F|  |TAMS 0x0000000711000000, 0x0000000711000000| Untracked 
| 131|0x0000000711200000, 0x0000000711200000, 0x0000000711400000|  0%| F|  |TAMS 0x0000000711200000, 0x0000000711200000| Untracked 
| 132|0x0000000711400000, 0x0000000711400000, 0x0000000711600000|  0%| F|  |TAMS 0x0000000711400000, 0x0000000711400000| Untracked 
| 133|0x0000000711600000, 0x0000000711600000, 0x0000000711800000|  0%| F|  |TAMS 0x0000000711600000, 0x0000000711600000| Untracked 
| 134|0x0000000711800000, 0x0000000711800000, 0x0000000711a00000|  0%| F|  |TAMS 0x0000000711800000, 0x0000000711800000| Untracked 
| 135|0x0000000711a00000, 0x0000000711a00000, 0x0000000711c00000|  0%| F|  |TAMS 0x0000000711a00000, 0x0000000711a00000| Untracked 
| 136|0x0000000711c00000, 0x0000000711c00000, 0x0000000711e00000|  0%| F|  |TAMS 0x0000000711c00000, 0x0000000711c00000| Untracked 
| 137|0x0000000711e00000, 0x0000000711e00000, 0x0000000712000000|  0%| F|  |TAMS 0x0000000711e00000, 0x0000000711e00000| Untracked 
| 138|0x0000000712000000, 0x0000000712000000, 0x0000000712200000|  0%| F|  |TAMS 0x0000000712000000, 0x0000000712000000| Untracked 
| 139|0x0000000712200000, 0x0000000712200000, 0x0000000712400000|  0%| F|  |TAMS 0x0000000712200000, 0x0000000712200000| Untracked 
| 140|0x0000000712400000, 0x0000000712400000, 0x0000000712600000|  0%| F|  |TAMS 0x0000000712400000, 0x0000000712400000| Untracked 
| 141|0x0000000712600000, 0x0000000712600000, 0x0000000712800000|  0%| F|  |TAMS 0x0000000712600000, 0x0000000712600000| Untracked 
| 142|0x0000000712800000, 0x0000000712800000, 0x0000000712a00000|  0%| F|  |TAMS 0x0000000712800000, 0x0000000712800000| Untracked 
| 143|0x0000000712a00000, 0x0000000712a00000, 0x0000000712c00000|  0%| F|  |TAMS 0x0000000712a00000, 0x0000000712a00000| Untracked 
| 144|0x0000000712c00000, 0x0000000712c00000, 0x0000000712e00000|  0%| F|  |TAMS 0x0000000712c00000, 0x0000000712c00000| Untracked 
| 145|0x0000000712e00000, 0x0000000712e00000, 0x0000000713000000|  0%| F|  |TAMS 0x0000000712e00000, 0x0000000712e00000| Untracked 
| 146|0x0000000713000000, 0x0000000713000000, 0x0000000713200000|  0%| F|  |TAMS 0x0000000713000000, 0x0000000713000000| Untracked 
| 147|0x0000000713200000, 0x0000000713200000, 0x0000000713400000|  0%| F|  |TAMS 0x0000000713200000, 0x0000000713200000| Untracked 
| 148|0x0000000713400000, 0x0000000713400000, 0x0000000713600000|  0%| F|  |TAMS 0x0000000713400000, 0x0000000713400000| Untracked 
| 149|0x0000000713600000, 0x0000000713600000, 0x0000000713800000|  0%| F|  |TAMS 0x0000000713600000, 0x0000000713600000| Untracked 
| 150|0x0000000713800000, 0x0000000713800000, 0x0000000713a00000|  0%| F|  |TAMS 0x0000000713800000, 0x0000000713800000| Untracked 
| 151|0x0000000713a00000, 0x0000000713a00000, 0x0000000713c00000|  0%| F|  |TAMS 0x0000000713a00000, 0x0000000713a00000| Untracked 
| 152|0x0000000713c00000, 0x0000000713c00000, 0x0000000713e00000|  0%| F|  |TAMS 0x0000000713c00000, 0x0000000713c00000| Untracked 
| 153|0x0000000713e00000, 0x0000000713e00000, 0x0000000714000000|  0%| F|  |TAMS 0x0000000713e00000, 0x0000000713e00000| Untracked 
| 154|0x0000000714000000, 0x0000000714000000, 0x0000000714200000|  0%| F|  |TAMS 0x0000000714000000, 0x0000000714000000| Untracked 
| 155|0x0000000714200000, 0x0000000714200000, 0x0000000714400000|  0%| F|  |TAMS 0x0000000714200000, 0x0000000714200000| Untracked 
| 156|0x0000000714400000, 0x0000000714400000, 0x0000000714600000|  0%| F|  |TAMS 0x0000000714400000, 0x0000000714400000| Untracked 
| 157|0x0000000714600000, 0x0000000714600000, 0x0000000714800000|  0%| F|  |TAMS 0x0000000714600000, 0x0000000714600000| Untracked 
| 158|0x0000000714800000, 0x0000000714800000, 0x0000000714a00000|  0%| F|  |TAMS 0x0000000714800000, 0x0000000714800000| Untracked 
| 159|0x0000000714a00000, 0x0000000714a00000, 0x0000000714c00000|  0%| F|  |TAMS 0x0000000714a00000, 0x0000000714a00000| Untracked 
| 160|0x0000000714c00000, 0x0000000714c00000, 0x0000000714e00000|  0%| F|  |TAMS 0x0000000714c00000, 0x0000000714c00000| Untracked 
| 161|0x0000000714e00000, 0x0000000714e00000, 0x0000000715000000|  0%| F|  |TAMS 0x0000000714e00000, 0x0000000714e00000| Untracked 
| 162|0x0000000715000000, 0x0000000715000000, 0x0000000715200000|  0%| F|  |TAMS 0x0000000715000000, 0x0000000715000000| Untracked 
| 163|0x0000000715200000, 0x0000000715200000, 0x0000000715400000|  0%| F|  |TAMS 0x0000000715200000, 0x0000000715200000| Untracked 
| 164|0x0000000715400000, 0x0000000715400000, 0x0000000715600000|  0%| F|  |TAMS 0x0000000715400000, 0x0000000715400000| Untracked 
| 165|0x0000000715600000, 0x0000000715600000, 0x0000000715800000|  0%| F|  |TAMS 0x0000000715600000, 0x0000000715600000| Untracked 
| 166|0x0000000715800000, 0x0000000715800000, 0x0000000715a00000|  0%| F|  |TAMS 0x0000000715800000, 0x0000000715800000| Untracked 
| 167|0x0000000715a00000, 0x0000000715a00000, 0x0000000715c00000|  0%| F|  |TAMS 0x0000000715a00000, 0x0000000715a00000| Untracked 
| 168|0x0000000715c00000, 0x0000000715c00000, 0x0000000715e00000|  0%| F|  |TAMS 0x0000000715c00000, 0x0000000715c00000| Untracked 
| 169|0x0000000715e00000, 0x0000000715e00000, 0x0000000716000000|  0%| F|  |TAMS 0x0000000715e00000, 0x0000000715e00000| Untracked 
| 170|0x0000000716000000, 0x0000000716000000, 0x0000000716200000|  0%| F|  |TAMS 0x0000000716000000, 0x0000000716000000| Untracked 
| 171|0x0000000716200000, 0x0000000716200000, 0x0000000716400000|  0%| F|  |TAMS 0x0000000716200000, 0x0000000716200000| Untracked 
| 172|0x0000000716400000, 0x0000000716400000, 0x0000000716600000|  0%| F|  |TAMS 0x0000000716400000, 0x0000000716400000| Untracked 
| 173|0x0000000716600000, 0x0000000716600000, 0x0000000716800000|  0%| F|  |TAMS 0x0000000716600000, 0x0000000716600000| Untracked 
| 174|0x0000000716800000, 0x0000000716800000, 0x0000000716a00000|  0%| F|  |TAMS 0x0000000716800000, 0x0000000716800000| Untracked 
| 175|0x0000000716a00000, 0x0000000716a00000, 0x0000000716c00000|  0%| F|  |TAMS 0x0000000716a00000, 0x0000000716a00000| Untracked 
| 176|0x0000000716c00000, 0x0000000716c00000, 0x0000000716e00000|  0%| F|  |TAMS 0x0000000716c00000, 0x0000000716c00000| Untracked 
| 177|0x0000000716e00000, 0x0000000716e00000, 0x0000000717000000|  0%| F|  |TAMS 0x0000000716e00000, 0x0000000716e00000| Untracked 
| 178|0x0000000717000000, 0x0000000717200000, 0x0000000717200000|100%|HS|  |TAMS 0x0000000717000000, 0x0000000717000000| Complete 
| 179|0x0000000717200000, 0x0000000717400000, 0x0000000717400000|100%|HC|  |TAMS 0x0000000717200000, 0x0000000717200000| Complete 
| 180|0x0000000717400000, 0x0000000717600000, 0x0000000717600000|100%|HC|  |TAMS 0x0000000717400000, 0x0000000717400000| Complete 
| 181|0x0000000717600000, 0x0000000717800000, 0x0000000717800000|100%|HC|  |TAMS 0x0000000717600000, 0x0000000717600000| Complete 
| 182|0x0000000717800000, 0x0000000717a00000, 0x0000000717a00000|100%|HC|  |TAMS 0x0000000717800000, 0x0000000717800000| Complete 
| 183|0x0000000717a00000, 0x0000000717c00000, 0x0000000717c00000|100%|HC|  |TAMS 0x0000000717a00000, 0x0000000717a00000| Complete 
| 184|0x0000000717c00000, 0x0000000717e00000, 0x0000000717e00000|100%|HC|  |TAMS 0x0000000717c00000, 0x0000000717c00000| Complete 
| 185|0x0000000717e00000, 0x0000000718000000, 0x0000000718000000|100%|HC|  |TAMS 0x0000000717e00000, 0x0000000717e00000| Complete 
| 186|0x0000000718000000, 0x0000000718200000, 0x0000000718200000|100%|HC|  |TAMS 0x0000000718000000, 0x0000000718000000| Complete 
| 187|0x0000000718200000, 0x0000000718400000, 0x0000000718400000|100%|HC|  |TAMS 0x0000000718200000, 0x0000000718200000| Complete 
| 188|0x0000000718400000, 0x0000000718600000, 0x0000000718600000|100%|HC|  |TAMS 0x0000000718400000, 0x0000000718400000| Complete 
| 189|0x0000000718600000, 0x0000000718800000, 0x0000000718800000|100%|HC|  |TAMS 0x0000000718600000, 0x0000000718600000| Complete 
| 190|0x0000000718800000, 0x0000000718a00000, 0x0000000718a00000|100%|HC|  |TAMS 0x0000000718800000, 0x0000000718800000| Complete 
| 191|0x0000000718a00000, 0x0000000718c00000, 0x0000000718c00000|100%|HC|  |TAMS 0x0000000718a00000, 0x0000000718a00000| Complete 
| 192|0x0000000718c00000, 0x0000000718e00000, 0x0000000718e00000|100%|HC|  |TAMS 0x0000000718c00000, 0x0000000718c00000| Complete 
| 193|0x0000000718e00000, 0x0000000719000000, 0x0000000719000000|100%|HC|  |TAMS 0x0000000718e00000, 0x0000000718e00000| Complete 
| 194|0x0000000719000000, 0x0000000719200000, 0x0000000719200000|100%|HC|  |TAMS 0x0000000719000000, 0x0000000719000000| Complete 
| 195|0x0000000719200000, 0x0000000719400000, 0x0000000719400000|100%|HC|  |TAMS 0x0000000719200000, 0x0000000719200000| Complete 
| 196|0x0000000719400000, 0x0000000719600000, 0x0000000719600000|100%|HC|  |TAMS 0x0000000719400000, 0x0000000719400000| Complete 
| 197|0x0000000719600000, 0x0000000719800000, 0x0000000719800000|100%|HC|  |TAMS 0x0000000719600000, 0x0000000719600000| Complete 
| 198|0x0000000719800000, 0x0000000719a00000, 0x0000000719a00000|100%|HC|  |TAMS 0x0000000719800000, 0x0000000719800000| Complete 
| 199|0x0000000719a00000, 0x0000000719c00000, 0x0000000719c00000|100%|HC|  |TAMS 0x0000000719a00000, 0x0000000719a00000| Complete 
| 200|0x0000000719c00000, 0x0000000719e00000, 0x0000000719e00000|100%|HC|  |TAMS 0x0000000719c00000, 0x0000000719c00000| Complete 
| 201|0x0000000719e00000, 0x000000071a000000, 0x000000071a000000|100%|HC|  |TAMS 0x0000000719e00000, 0x0000000719e00000| Complete 
| 202|0x000000071a000000, 0x000000071a200000, 0x000000071a200000|100%|HC|  |TAMS 0x000000071a000000, 0x000000071a000000| Complete 
| 203|0x000000071a200000, 0x000000071a400000, 0x000000071a400000|100%|HC|  |TAMS 0x000000071a200000, 0x000000071a200000| Complete 
| 204|0x000000071a400000, 0x000000071a600000, 0x000000071a600000|100%|HC|  |TAMS 0x000000071a400000, 0x000000071a400000| Complete 
| 205|0x000000071a600000, 0x000000071a800000, 0x000000071a800000|100%|HC|  |TAMS 0x000000071a600000, 0x000000071a600000| Complete 
| 206|0x000000071a800000, 0x000000071aa00000, 0x000000071aa00000|100%|HC|  |TAMS 0x000000071a800000, 0x000000071a800000| Complete 
| 207|0x000000071aa00000, 0x000000071ac00000, 0x000000071ac00000|100%|HC|  |TAMS 0x000000071aa00000, 0x000000071aa00000| Complete 
| 208|0x000000071ac00000, 0x000000071ae00000, 0x000000071ae00000|100%|HC|  |TAMS 0x000000071ac00000, 0x000000071ac00000| Complete 
| 209|0x000000071ae00000, 0x000000071b000000, 0x000000071b000000|100%|HC|  |TAMS 0x000000071ae00000, 0x000000071ae00000| Complete 
| 210|0x000000071b000000, 0x000000071b200000, 0x000000071b200000|100%|HC|  |TAMS 0x000000071b000000, 0x000000071b000000| Complete 
| 211|0x000000071b200000, 0x000000071b400000, 0x000000071b400000|100%|HC|  |TAMS 0x000000071b200000, 0x000000071b200000| Complete 
| 212|0x000000071b400000, 0x000000071b600000, 0x000000071b600000|100%|HC|  |TAMS 0x000000071b400000, 0x000000071b400000| Complete 
| 213|0x000000071b600000, 0x000000071b800000, 0x000000071b800000|100%|HC|  |TAMS 0x000000071b600000, 0x000000071b600000| Complete 
| 214|0x000000071b800000, 0x000000071ba00000, 0x000000071ba00000|100%|HC|  |TAMS 0x000000071b800000, 0x000000071b800000| Complete 
| 215|0x000000071ba00000, 0x000000071bc00000, 0x000000071bc00000|100%|HC|  |TAMS 0x000000071ba00000, 0x000000071ba00000| Complete 
| 216|0x000000071bc00000, 0x000000071be00000, 0x000000071be00000|100%|HC|  |TAMS 0x000000071bc00000, 0x000000071bc00000| Complete 
| 217|0x000000071be00000, 0x000000071c000000, 0x000000071c000000|100%|HC|  |TAMS 0x000000071be00000, 0x000000071be00000| Complete 
| 218|0x000000071c000000, 0x000000071c200000, 0x000000071c200000|100%|HC|  |TAMS 0x000000071c000000, 0x000000071c000000| Complete 
| 219|0x000000071c200000, 0x000000071c400000, 0x000000071c400000|100%|HC|  |TAMS 0x000000071c200000, 0x000000071c200000| Complete 
| 220|0x000000071c400000, 0x000000071c600000, 0x000000071c600000|100%|HC|  |TAMS 0x000000071c400000, 0x000000071c400000| Complete 
| 221|0x000000071c600000, 0x000000071c800000, 0x000000071c800000|100%|HC|  |TAMS 0x000000071c600000, 0x000000071c600000| Complete 
| 222|0x000000071c800000, 0x000000071ca00000, 0x000000071ca00000|100%|HC|  |TAMS 0x000000071c800000, 0x000000071c800000| Complete 
| 223|0x000000071ca00000, 0x000000071cc00000, 0x000000071cc00000|100%|HC|  |TAMS 0x000000071ca00000, 0x000000071ca00000| Complete 
| 224|0x000000071cc00000, 0x000000071ce00000, 0x000000071ce00000|100%|HC|  |TAMS 0x000000071cc00000, 0x000000071cc00000| Complete 
| 225|0x000000071ce00000, 0x000000071d000000, 0x000000071d000000|100%|HC|  |TAMS 0x000000071ce00000, 0x000000071ce00000| Complete 
| 226|0x000000071d000000, 0x000000071d200000, 0x000000071d200000|100%|HC|  |TAMS 0x000000071d000000, 0x000000071d000000| Complete 
| 227|0x000000071d200000, 0x000000071d400000, 0x000000071d400000|100%|HC|  |TAMS 0x000000071d200000, 0x000000071d200000| Complete 
| 228|0x000000071d400000, 0x000000071d600000, 0x000000071d600000|100%|HC|  |TAMS 0x000000071d400000, 0x000000071d400000| Complete 
| 229|0x000000071d600000, 0x000000071d800000, 0x000000071d800000|100%|HC|  |TAMS 0x000000071d600000, 0x000000071d600000| Complete 
| 230|0x000000071d800000, 0x000000071da00000, 0x000000071da00000|100%|HC|  |TAMS 0x000000071d800000, 0x000000071d800000| Complete 
| 231|0x000000071da00000, 0x000000071dc00000, 0x000000071dc00000|100%|HC|  |TAMS 0x000000071da00000, 0x000000071da00000| Complete 
| 232|0x000000071dc00000, 0x000000071de00000, 0x000000071de00000|100%|HC|  |TAMS 0x000000071dc00000, 0x000000071dc00000| Complete 
| 233|0x000000071de00000, 0x000000071e000000, 0x000000071e000000|100%|HC|  |TAMS 0x000000071de00000, 0x000000071de00000| Complete 
| 234|0x000000071e000000, 0x000000071e200000, 0x000000071e200000|100%|HC|  |TAMS 0x000000071e000000, 0x000000071e000000| Complete 
| 235|0x000000071e200000, 0x000000071e400000, 0x000000071e400000|100%|HC|  |TAMS 0x000000071e200000, 0x000000071e200000| Complete 
| 236|0x000000071e400000, 0x000000071e600000, 0x000000071e600000|100%|HC|  |TAMS 0x000000071e400000, 0x000000071e400000| Complete 
| 237|0x000000071e600000, 0x000000071e800000, 0x000000071e800000|100%|HC|  |TAMS 0x000000071e600000, 0x000000071e600000| Complete 
| 238|0x000000071e800000, 0x000000071ea00000, 0x000000071ea00000|100%|HC|  |TAMS 0x000000071e800000, 0x000000071e800000| Complete 
| 239|0x000000071ea00000, 0x000000071ec00000, 0x000000071ec00000|100%|HC|  |TAMS 0x000000071ea00000, 0x000000071ea00000| Complete 
| 240|0x000000071ec00000, 0x000000071ee00000, 0x000000071ee00000|100%|HC|  |TAMS 0x000000071ec00000, 0x000000071ec00000| Complete 
| 241|0x000000071ee00000, 0x000000071f000000, 0x000000071f000000|100%|HC|  |TAMS 0x000000071ee00000, 0x000000071ee00000| Complete 
| 242|0x000000071f000000, 0x000000071f200000, 0x000000071f200000|100%|HC|  |TAMS 0x000000071f000000, 0x000000071f000000| Complete 
| 243|0x000000071f200000, 0x000000071f400000, 0x000000071f400000|100%|HC|  |TAMS 0x000000071f200000, 0x000000071f200000| Complete 
| 244|0x000000071f400000, 0x000000071f600000, 0x000000071f600000|100%|HC|  |TAMS 0x000000071f400000, 0x000000071f400000| Complete 
| 245|0x000000071f600000, 0x000000071f800000, 0x000000071f800000|100%|HC|  |TAMS 0x000000071f600000, 0x000000071f600000| Complete 
| 246|0x000000071f800000, 0x000000071fa00000, 0x000000071fa00000|100%|HC|  |TAMS 0x000000071f800000, 0x000000071f800000| Complete 
| 247|0x000000071fa00000, 0x000000071fc00000, 0x000000071fc00000|100%|HC|  |TAMS 0x000000071fa00000, 0x000000071fa00000| Complete 
| 248|0x000000071fc00000, 0x000000071fe00000, 0x000000071fe00000|100%|HC|  |TAMS 0x000000071fc00000, 0x000000071fc00000| Complete 
| 249|0x000000071fe00000, 0x0000000720000000, 0x0000000720000000|100%|HC|  |TAMS 0x000000071fe00000, 0x000000071fe00000| Complete 
| 250|0x0000000720000000, 0x0000000720200000, 0x0000000720200000|100%|HC|  |TAMS 0x0000000720000000, 0x0000000720000000| Complete 
| 251|0x0000000720200000, 0x0000000720400000, 0x0000000720400000|100%|HC|  |TAMS 0x0000000720200000, 0x0000000720200000| Complete 
| 252|0x0000000720400000, 0x0000000720600000, 0x0000000720600000|100%|HC|  |TAMS 0x0000000720400000, 0x0000000720400000| Complete 
| 253|0x0000000720600000, 0x0000000720800000, 0x0000000720800000|100%|HC|  |TAMS 0x0000000720600000, 0x0000000720600000| Complete 
| 254|0x0000000720800000, 0x0000000720a00000, 0x0000000720a00000|100%|HC|  |TAMS 0x0000000720800000, 0x0000000720800000| Complete 
| 255|0x0000000720a00000, 0x0000000720c00000, 0x0000000720c00000|100%|HC|  |TAMS 0x0000000720a00000, 0x0000000720a00000| Complete 
| 256|0x0000000720c00000, 0x0000000720e00000, 0x0000000720e00000|100%|HC|  |TAMS 0x0000000720c00000, 0x0000000720c00000| Complete 
| 257|0x0000000720e00000, 0x0000000721000000, 0x0000000721000000|100%|HC|  |TAMS 0x0000000720e00000, 0x0000000720e00000| Complete 
| 258|0x0000000721000000, 0x0000000721200000, 0x0000000721200000|100%|HC|  |TAMS 0x0000000721000000, 0x0000000721000000| Complete 
| 259|0x0000000721200000, 0x0000000721400000, 0x0000000721400000|100%|HC|  |TAMS 0x0000000721200000, 0x0000000721200000| Complete 
| 260|0x0000000721400000, 0x0000000721600000, 0x0000000721600000|100%|HC|  |TAMS 0x0000000721400000, 0x0000000721400000| Complete 
| 261|0x0000000721600000, 0x0000000721800000, 0x0000000721800000|100%|HC|  |TAMS 0x0000000721600000, 0x0000000721600000| Complete 
| 262|0x0000000721800000, 0x0000000721a00000, 0x0000000721a00000|100%|HC|  |TAMS 0x0000000721800000, 0x0000000721800000| Complete 
| 263|0x0000000721a00000, 0x0000000721c00000, 0x0000000721c00000|100%|HC|  |TAMS 0x0000000721a00000, 0x0000000721a00000| Complete 
| 264|0x0000000721c00000, 0x0000000721e00000, 0x0000000721e00000|100%|HC|  |TAMS 0x0000000721c00000, 0x0000000721c00000| Complete 
| 265|0x0000000721e00000, 0x0000000722000000, 0x0000000722000000|100%|HC|  |TAMS 0x0000000721e00000, 0x0000000721e00000| Complete 
| 266|0x0000000722000000, 0x0000000722200000, 0x0000000722200000|100%|HC|  |TAMS 0x0000000722000000, 0x0000000722000000| Complete 
| 267|0x0000000722200000, 0x0000000722400000, 0x0000000722400000|100%|HC|  |TAMS 0x0000000722200000, 0x0000000722200000| Complete 
| 268|0x0000000722400000, 0x0000000722600000, 0x0000000722600000|100%|HC|  |TAMS 0x0000000722400000, 0x0000000722400000| Complete 
| 269|0x0000000722600000, 0x0000000722800000, 0x0000000722800000|100%|HC|  |TAMS 0x0000000722600000, 0x0000000722600000| Complete 
| 270|0x0000000722800000, 0x0000000722a00000, 0x0000000722a00000|100%|HC|  |TAMS 0x0000000722800000, 0x0000000722800000| Complete 
| 271|0x0000000722a00000, 0x0000000722c00000, 0x0000000722c00000|100%|HC|  |TAMS 0x0000000722a00000, 0x0000000722a00000| Complete 
| 272|0x0000000722c00000, 0x0000000722e00000, 0x0000000722e00000|100%|HC|  |TAMS 0x0000000722c00000, 0x0000000722c00000| Complete 
| 273|0x0000000722e00000, 0x0000000723000000, 0x0000000723000000|100%|HC|  |TAMS 0x0000000722e00000, 0x0000000722e00000| Complete 
| 274|0x0000000723000000, 0x0000000723200000, 0x0000000723200000|100%|HC|  |TAMS 0x0000000723000000, 0x0000000723000000| Complete 
| 275|0x0000000723200000, 0x0000000723400000, 0x0000000723400000|100%|HC|  |TAMS 0x0000000723200000, 0x0000000723200000| Complete 
| 276|0x0000000723400000, 0x0000000723600000, 0x0000000723600000|100%|HC|  |TAMS 0x0000000723400000, 0x0000000723400000| Complete 
| 277|0x0000000723600000, 0x0000000723800000, 0x0000000723800000|100%|HC|  |TAMS 0x0000000723600000, 0x0000000723600000| Complete 
| 278|0x0000000723800000, 0x0000000723a00000, 0x0000000723a00000|100%|HC|  |TAMS 0x0000000723800000, 0x0000000723800000| Complete 
| 279|0x0000000723a00000, 0x0000000723c00000, 0x0000000723c00000|100%|HC|  |TAMS 0x0000000723a00000, 0x0000000723a00000| Complete 
| 280|0x0000000723c00000, 0x0000000723e00000, 0x0000000723e00000|100%|HC|  |TAMS 0x0000000723c00000, 0x0000000723c00000| Complete 
| 281|0x0000000723e00000, 0x0000000724000000, 0x0000000724000000|100%|HC|  |TAMS 0x0000000723e00000, 0x0000000723e00000| Complete 
| 282|0x0000000724000000, 0x0000000724200000, 0x0000000724200000|100%|HC|  |TAMS 0x0000000724000000, 0x0000000724000000| Complete 
| 283|0x0000000724200000, 0x0000000724400000, 0x0000000724400000|100%|HC|  |TAMS 0x0000000724200000, 0x0000000724200000| Complete 
| 284|0x0000000724400000, 0x0000000724600000, 0x0000000724600000|100%|HC|  |TAMS 0x0000000724400000, 0x0000000724400000| Complete 
| 285|0x0000000724600000, 0x0000000724800000, 0x0000000724800000|100%|HC|  |TAMS 0x0000000724600000, 0x0000000724600000| Complete 
| 286|0x0000000724800000, 0x0000000724a00000, 0x0000000724a00000|100%|HC|  |TAMS 0x0000000724800000, 0x0000000724800000| Complete 
| 287|0x0000000724a00000, 0x0000000724c00000, 0x0000000724c00000|100%|HC|  |TAMS 0x0000000724a00000, 0x0000000724a00000| Complete 
| 288|0x0000000724c00000, 0x0000000724e00000, 0x0000000724e00000|100%|HC|  |TAMS 0x0000000724c00000, 0x0000000724c00000| Complete 
| 289|0x0000000724e00000, 0x0000000725000000, 0x0000000725000000|100%|HC|  |TAMS 0x0000000724e00000, 0x0000000724e00000| Complete 
| 290|0x0000000725000000, 0x0000000725200000, 0x0000000725200000|100%|HC|  |TAMS 0x0000000725000000, 0x0000000725000000| Complete 
| 291|0x0000000725200000, 0x0000000725400000, 0x0000000725400000|100%|HC|  |TAMS 0x0000000725200000, 0x0000000725200000| Complete 
| 292|0x0000000725400000, 0x0000000725600000, 0x0000000725600000|100%|HC|  |TAMS 0x0000000725400000, 0x0000000725400000| Complete 
| 293|0x0000000725600000, 0x0000000725800000, 0x0000000725800000|100%|HC|  |TAMS 0x0000000725600000, 0x0000000725600000| Complete 
| 294|0x0000000725800000, 0x0000000725a00000, 0x0000000725a00000|100%|HC|  |TAMS 0x0000000725800000, 0x0000000725800000| Complete 
| 295|0x0000000725a00000, 0x0000000725c00000, 0x0000000725c00000|100%|HC|  |TAMS 0x0000000725a00000, 0x0000000725a00000| Complete 
| 296|0x0000000725c00000, 0x0000000725e00000, 0x0000000725e00000|100%|HC|  |TAMS 0x0000000725c00000, 0x0000000725c00000| Complete 
| 297|0x0000000725e00000, 0x0000000726000000, 0x0000000726000000|100%|HC|  |TAMS 0x0000000725e00000, 0x0000000725e00000| Complete 
| 298|0x0000000726000000, 0x0000000726200000, 0x0000000726200000|100%|HC|  |TAMS 0x0000000726000000, 0x0000000726000000| Complete 
| 299|0x0000000726200000, 0x0000000726400000, 0x0000000726400000|100%|HC|  |TAMS 0x0000000726200000, 0x0000000726200000| Complete 
| 300|0x0000000726400000, 0x0000000726600000, 0x0000000726600000|100%|HC|  |TAMS 0x0000000726400000, 0x0000000726400000| Complete 
| 301|0x0000000726600000, 0x0000000726800000, 0x0000000726800000|100%|HC|  |TAMS 0x0000000726600000, 0x0000000726600000| Complete 
| 302|0x0000000726800000, 0x0000000726a00000, 0x0000000726a00000|100%|HC|  |TAMS 0x0000000726800000, 0x0000000726800000| Complete 
| 303|0x0000000726a00000, 0x0000000726c00000, 0x0000000726c00000|100%|HC|  |TAMS 0x0000000726a00000, 0x0000000726a00000| Complete 
| 304|0x0000000726c00000, 0x0000000726e00000, 0x0000000726e00000|100%|HC|  |TAMS 0x0000000726c00000, 0x0000000726c00000| Complete 
| 305|0x0000000726e00000, 0x0000000727000000, 0x0000000727000000|100%|HC|  |TAMS 0x0000000726e00000, 0x0000000726e00000| Complete 
| 306|0x0000000727000000, 0x0000000727200000, 0x0000000727200000|100%|HC|  |TAMS 0x0000000727000000, 0x0000000727000000| Complete 
| 307|0x0000000727200000, 0x0000000727400000, 0x0000000727400000|100%|HC|  |TAMS 0x0000000727200000, 0x0000000727200000| Complete 
| 308|0x0000000727400000, 0x0000000727600000, 0x0000000727600000|100%|HC|  |TAMS 0x0000000727400000, 0x0000000727400000| Complete 
| 309|0x0000000727600000, 0x0000000727800000, 0x0000000727800000|100%|HC|  |TAMS 0x0000000727600000, 0x0000000727600000| Complete 
| 310|0x0000000727800000, 0x0000000727a00000, 0x0000000727a00000|100%|HC|  |TAMS 0x0000000727800000, 0x0000000727800000| Complete 
| 311|0x0000000727a00000, 0x0000000727c00000, 0x0000000727c00000|100%|HC|  |TAMS 0x0000000727a00000, 0x0000000727a00000| Complete 
| 312|0x0000000727c00000, 0x0000000727e00000, 0x0000000727e00000|100%|HC|  |TAMS 0x0000000727c00000, 0x0000000727c00000| Complete 
| 313|0x0000000727e00000, 0x0000000728000000, 0x0000000728000000|100%|HC|  |TAMS 0x0000000727e00000, 0x0000000727e00000| Complete 
| 314|0x0000000728000000, 0x0000000728200000, 0x0000000728200000|100%|HC|  |TAMS 0x0000000728000000, 0x0000000728000000| Complete 
| 315|0x0000000728200000, 0x0000000728400000, 0x0000000728400000|100%|HC|  |TAMS 0x0000000728200000, 0x0000000728200000| Complete 
| 316|0x0000000728400000, 0x0000000728600000, 0x0000000728600000|100%|HC|  |TAMS 0x0000000728400000, 0x0000000728400000| Complete 
| 317|0x0000000728600000, 0x0000000728800000, 0x0000000728800000|100%|HC|  |TAMS 0x0000000728600000, 0x0000000728600000| Complete 
| 318|0x0000000728800000, 0x0000000728a00000, 0x0000000728a00000|100%|HC|  |TAMS 0x0000000728800000, 0x0000000728800000| Complete 
| 319|0x0000000728a00000, 0x0000000728c00000, 0x0000000728c00000|100%|HC|  |TAMS 0x0000000728a00000, 0x0000000728a00000| Complete 
| 320|0x0000000728c00000, 0x0000000728e00000, 0x0000000728e00000|100%|HC|  |TAMS 0x0000000728c00000, 0x0000000728c00000| Complete 
| 321|0x0000000728e00000, 0x0000000729000000, 0x0000000729000000|100%|HC|  |TAMS 0x0000000728e00000, 0x0000000728e00000| Complete 
| 322|0x0000000729000000, 0x0000000729200000, 0x0000000729200000|100%|HC|  |TAMS 0x0000000729000000, 0x0000000729000000| Complete 

Card table byte_map: [0x000001ed23f40000,0x000001ed24740000] _byte_map_base: 0x000001ed2073a000

Marking Bits (Prev, Next): (CMBitMap*) 0x000001ed0ad5a590, (CMBitMap*) 0x000001ed0ad5a5d0
 Prev Bits: [0x000001ed24f40000, 0x000001ed28f10000)
 Next Bits: [0x000001ed28f10000, 0x000001ed2cee0000)

Polling page: 0x000001ed0aee0000

Metaspace:

Usage:
  Non-class:      4.93 MB used.
      Class:    721.07 KB used.
       Both:      5.64 MB used.

Virtual space:
  Non-class space:        8.00 MB reserved,       5.00 MB ( 62%) committed,  1 nodes.
      Class space:        1.00 GB reserved,     768.00 KB ( <1%) committed,  1 nodes.
             Both:        1.01 GB reserved,       5.75 MB ( <1%) committed. 

Chunk freelists:
   Non-Class:  1.70 MB
       Class:  3.26 MB
        Both:  4.96 MB

MaxMetaspaceSize: unlimited
CompressedClassSpaceSize: 1.00 GB
Initial GC threshold: 21.00 MB
Current GC threshold: 21.00 MB
CDS: on
MetaspaceReclaimPolicy: balanced
 - commit_granule_bytes: 65536.
 - commit_granule_words: 8192.
 - virtual_space_node_default_size: 1048576.
 - enlarge_chunks_in_place: 1.
 - new_chunks_are_fully_committed: 0.
 - uncommit_free_chunks: 1.
 - use_allocation_guard: 0.
 - handle_deallocations: 1.


Internal statistics:

num_allocs_failed_limit: 0.
num_arena_births: 94.
num_arena_deaths: 0.
num_vsnodes_births: 2.
num_vsnodes_deaths: 0.
num_space_committed: 92.
num_space_uncommitted: 0.
num_chunks_returned_to_freelist: 0.
num_chunks_taken_from_freelist: 296.
num_chunk_merges: 0.
num_chunk_splits: 151.
num_chunks_enlarged: 86.
num_purges: 0.
num_inconsistent_stats: 0.

CodeHeap 'non-profiled nmethods': size=120000Kb used=574Kb max_used=574Kb free=119425Kb
 bounds [0x000001ed1c210000, 0x000001ed1c480000, 0x000001ed23740000]
CodeHeap 'profiled nmethods': size=120000Kb used=2734Kb max_used=2734Kb free=117265Kb
 bounds [0x000001ed14ce0000, 0x000001ed14f90000, 0x000001ed1c210000]
CodeHeap 'non-nmethods': size=5760Kb used=1150Kb max_used=1179Kb free=4609Kb
 bounds [0x000001ed14740000, 0x000001ed149b0000, 0x000001ed14ce0000]
 total_blobs=1809 nmethods=1368 adapters=354
 compilation: enabled
              stopped_count=0, restarted_count=0
 full_count=0

Compilation events (20 events):
Event: 0.846 Thread 0x000001ed2f3d9880 1360       4       java.util.ArrayList$Itr::next (66 bytes)
Event: 0.847 Thread 0x000001ed2f3d9880 nmethod 1360 0x000001ed1c298210 code [0x000001ed1c2983a0, 0x000001ed1c2984d8]
Event: 0.889 Thread 0x000001ed2f3d9880 1361       4       NavigationDataFileTest::bejaras (82 bytes)
Event: 0.954 Thread 0x000001ed2f3d9880 nmethod 1361 0x000001ed1c298610 code [0x000001ed1c2988a0, 0x000001ed1c29bba8]
Event: 1.092 Thread 0x000001ed2f3e45b0 1362   !   3       java.util.concurrent.ConcurrentHashMap::replaceNode (437 bytes)
Event: 1.093 Thread 0x000001ed2f3d9880 1364       4       java.util.HashMap::put (13 bytes)
Event: 1.093 Thread 0x000001ed2f3e45b0 nmethod 1362 0x000001ed14f85710 code [0x000001ed14f85a60, 0x000001ed14f87398]
Event: 1.093 Thread 0x000001ed2f3e45b0 1363       3       java.util.concurrent.ConcurrentHashMap::remove (8 bytes)
Event: 1.093 Thread 0x000001ed2f3e45b0 nmethod 1363 0x000001ed14f88110 code [0x000001ed14f882c0, 0x000001ed14f88408]
Event: 1.093 Thread 0x000001ed2f3d9880 nmethod 1364 0x000001ed1c29e490 code [0x000001ed1c29e620, 0x000001ed1c29e748]
Event: 1.094 Thread 0x000001ed2f3e45b0 1365       3       java.lang.reflect.Constructor::setConstructorAccessor (21 bytes)
Event: 1.094 Thread 0x000001ed2f3e45b0 nmethod 1365 0x000001ed14f88490 code [0x000001ed14f88640, 0x000001ed14f88948]
Event: 1.097 Thread 0x000001ed2f3d9880 1366       4       java.lang.AbstractStringBuilder::append (77 bytes)
Event: 1.098 Thread 0x000001ed2f3e45b0 1367       3       java.util.Collections$UnmodifiableCollection$1::hasNext (10 bytes)
Event: 1.098 Thread 0x000001ed2f3e45b0 nmethod 1367 0x000001ed14f88a90 code [0x000001ed14f88c40, 0x000001ed14f88e28]
Event: 1.099 Thread 0x000001ed2f3e45b0 1369       3       java.util.Properties::saveConvert (383 bytes)
Event: 1.100 Thread 0x000001ed2f3e45b0 nmethod 1369 0x000001ed14f88f10 code [0x000001ed14f89360, 0x000001ed14f8afa8]
Event: 1.101 Thread 0x000001ed2f3d9880 nmethod 1366 0x000001ed1c29e890 code [0x000001ed1c29ea40, 0x000001ed1c29efd8]
Event: 1.101 Thread 0x000001ed2f3d9880 1368       4       java.lang.StringBuilder::toString (35 bytes)
Event: 1.103 Thread 0x000001ed2f3d9880 nmethod 1368 0x000001ed1c29f290 code [0x000001ed1c29f420, 0x000001ed1c29f878]

GC Heap History (20 events):
Event: 0.294 GC heap after
{Heap after GC invocations=1 (full 0):
 garbage-first heap   total 262144K, used 1902K [0x0000000700c00000, 0x0000000800000000)
  region size 2048K, 1 young (2048K), 1 survivors (2048K)
 Metaspace       used 3890K, committed 4032K, reserved 1056768K
  class space    used 487K, committed 576K, reserved 1048576K
}
Event: 0.485 GC heap before
{Heap before GC invocations=1 (full 0):
 garbage-first heap   total 262144K, used 36718K [0x0000000700c00000, 0x0000000800000000)
  region size 2048K, 8 young (16384K), 1 survivors (2048K)
 Metaspace       used 5531K, committed 5696K, reserved 1056768K
  class space    used 708K, committed 768K, reserved 1048576K
}
Event: 0.489 GC heap after
{Heap after GC invocations=2 (full 0):
 garbage-first heap   total 262144K, used 11274K [0x0000000700c00000, 0x0000000800000000)
  region size 2048K, 1 young (2048K), 1 survivors (2048K)
 Metaspace       used 5531K, committed 5696K, reserved 1056768K
  class space    used 708K, committed 768K, reserved 1048576K
}
Event: 0.571 GC heap before
{Heap before GC invocations=2 (full 0):
 garbage-first heap   total 262144K, used 80906K [0x0000000700c00000, 0x0000000800000000)
  region size 2048K, 25 young (51200K), 1 survivors (2048K)
 Metaspace       used 5614K, committed 5760K, reserved 1056768K
  class space    used 710K, committed 768K, reserved 1048576K
}
Event: 0.576 GC heap after
{Heap after GC invocations=3 (full 0):
 garbage-first heap   total 262144K, used 24817K [0x0000000700c00000, 0x0000000800000000)
  region size 2048K, 3 young (6144K), 3 survivors (6144K)
 Metaspace       used 5614K, committed 5760K, reserved 1056768K
  class space    used 710K, committed 768K, reserved 1048576K
}
Event: 0.638 GC heap before
{Heap before GC invocations=3 (full 0):
 garbage-first heap   total 262144K, used 157937K [0x0000000700c00000, 0x0000000800000000)
  region size 2048K, 39 young (79872K), 3 survivors (6144K)
 Metaspace       used 5614K, committed 5760K, reserved 1056768K
  class space    used 710K, committed 768K, reserved 1048576K
}
Event: 0.641 GC heap after
{Heap after GC invocations=4 (full 0):
 garbage-first heap   total 262144K, used 54056K [0x0000000700c00000, 0x0000000800000000)
  region size 2048K, 2 young (4096K), 2 survivors (4096K)
 Metaspace       used 5614K, committed 5760K, reserved 1056768K
  class space    used 710K, committed 768K, reserved 1048576K
}
Event: 0.661 GC heap before
{Heap before GC invocations=4 (full 0):
 garbage-first heap   total 262144K, used 92968K [0x0000000700c00000, 0x0000000800000000)
  region size 2048K, 22 young (45056K), 2 survivors (4096K)
 Metaspace       used 5614K, committed 5760K, reserved 1056768K
  class space    used 710K, committed 768K, reserved 1048576K
}
Event: 0.662 GC heap after
{Heap after GC invocations=5 (full 0):
 garbage-first heap   total 262144K, used 53698K [0x0000000700c00000, 0x0000000800000000)
  region size 2048K, 2 young (4096K), 2 survivors (4096K)
 Metaspace       used 5614K, committed 5760K, reserved 1056768K
  class space    used 710K, committed 768K, reserved 1048576K
}
Event: 0.757 GC heap before
{Heap before GC invocations=5 (full 0):
 garbage-first heap   total 262144K, used 250306K [0x0000000700c00000, 0x0000000800000000)
  region size 2048K, 62 young (126976K), 2 survivors (4096K)
 Metaspace       used 5614K, committed 5760K, reserved 1056768K
  class space    used 710K, committed 768K, reserved 1048576K
}
Event: 0.759 GC heap after
{Heap after GC invocations=6 (full 0):
 garbage-first heap   total 380928K, used 90471K [0x0000000700c00000, 0x0000000800000000)
  region size 2048K, 2 young (4096K), 2 survivors (4096K)
 Metaspace       used 5614K, committed 5760K, reserved 1056768K
  class space    used 710K, committed 768K, reserved 1048576K
}
Event: 0.764 GC heap before
{Heap before GC invocations=6 (full 0):
 garbage-first heap   total 380928K, used 96615K [0x0000000700c00000, 0x0000000800000000)
  region size 2048K, 6 young (12288K), 2 survivors (4096K)
 Metaspace       used 5614K, committed 5760K, reserved 1056768K
  class space    used 710K, committed 768K, reserved 1048576K
}
Event: 0.766 GC heap after
{Heap after GC invocations=7 (full 0):
 garbage-first heap   total 380928K, used 90774K [0x0000000700c00000, 0x0000000800000000)
  region size 2048K, 2 young (4096K), 2 survivors (4096K)
 Metaspace       used 5614K, committed 5760K, reserved 1056768K
  class space    used 710K, committed 768K, reserved 1048576K
}
Event: 0.871 GC heap before
{Heap before GC invocations=7 (full 0):
 garbage-first heap   total 380928K, used 369302K [0x0000000700c00000, 0x0000000800000000)
  region size 2048K, 66 young (135168K), 2 survivors (4096K)
 Metaspace       used 5614K, committed 5760K, reserved 1056768K
  class space    used 710K, committed 768K, reserved 1048576K
}
Event: 0.872 GC heap after
{Heap after GC invocations=8 (full 0):
 garbage-first heap   total 380928K, used 164174K [0x0000000700c00000, 0x0000000800000000)
  region size 2048K, 2 young (4096K), 2 survivors (4096K)
 Metaspace       used 5614K, committed 5760K, reserved 1056768K
  class space    used 710K, committed 768K, reserved 1048576K
}
Event: 0.948 GC heap before
{Heap before GC invocations=8 (full 0):
 garbage-first heap   total 380928K, used 334158K [0x0000000700c00000, 0x0000000800000000)
  region size 2048K, 85 young (174080K), 2 survivors (4096K)
 Metaspace       used 5614K, committed 5760K, reserved 1056768K
  class space    used 710K, committed 768K, reserved 1048576K
}
Event: 0.949 GC heap after
{Heap after GC invocations=9 (full 0):
 garbage-first heap   total 380928K, used 164175K [0x0000000700c00000, 0x0000000800000000)
  region size 2048K, 2 young (4096K), 2 survivors (4096K)
 Metaspace       used 5614K, committed 5760K, reserved 1056768K
  class space    used 710K, committed 768K, reserved 1048576K
}
Event: 0.956 GC heap before
{Heap before GC invocations=9 (full 0):
 garbage-first heap   total 380928K, used 178511K [0x0000000700c00000, 0x0000000800000000)
  region size 2048K, 10 young (20480K), 2 survivors (4096K)
 Metaspace       used 5614K, committed 5760K, reserved 1056768K
  class space    used 710K, committed 768K, reserved 1048576K
}
Event: 0.958 GC heap after
{Heap after GC invocations=10 (full 0):
 garbage-first heap   total 380928K, used 164341K [0x0000000700c00000, 0x0000000800000000)
  region size 2048K, 2 young (4096K), 2 survivors (4096K)
 Metaspace       used 5614K, committed 5760K, reserved 1056768K
  class space    used 710K, committed 768K, reserved 1048576K
}
Event: 1.146 GC heap before
{Heap before GC invocations=10 (full 0):
 garbage-first heap   total 661504K, used 633333K [0x0000000700c00000, 0x0000000800000000)
  region size 2048K, 86 young (176128K), 2 survivors (4096K)
 Metaspace       used 5772K, committed 5888K, reserved 1056768K
  class space    used 721K, committed 768K, reserved 1048576K
}

Deoptimization events (20 events):
Event: 0.543 Thread 0x000001ed0cf34fd0 DEOPT PACKING pc=0x000001ed14f84713 sp=0x000000b740ffc4c0
Event: 0.543 Thread 0x000001ed0cf34fd0 DEOPT UNPACKING pc=0x000001ed14792b43 sp=0x000000b740ffb990 mode 0
Event: 0.543 Thread 0x000001ed0cf34fd0 DEOPT PACKING pc=0x000001ed14f84713 sp=0x000000b740ffc540
Event: 0.543 Thread 0x000001ed0cf34fd0 DEOPT UNPACKING pc=0x000001ed14792b43 sp=0x000000b740ffba10 mode 0
Event: 0.543 Thread 0x000001ed0cf34fd0 DEOPT PACKING pc=0x000001ed14f84713 sp=0x000000b740ffc4c0
Event: 0.543 Thread 0x000001ed0cf34fd0 DEOPT UNPACKING pc=0x000001ed14792b43 sp=0x000000b740ffb990 mode 0
Event: 0.544 Thread 0x000001ed0cf34fd0 DEOPT PACKING pc=0x000001ed14f84713 sp=0x000000b740ffc540
Event: 0.544 Thread 0x000001ed0cf34fd0 DEOPT UNPACKING pc=0x000001ed14792b43 sp=0x000000b740ffba10 mode 0
Event: 1.091 Thread 0x000001ed2f3cc0f0 Uncommon trap: trap_request=0xffffff45 fr.pc=0x000001ed1c284914 relative=0x0000000000000094
Event: 1.091 Thread 0x000001ed2f3cc0f0 Uncommon trap: reason=unstable_if action=reinterpret pc=0x000001ed1c284914 method=sun.util.calendar.ZoneInfo.getOffsets(J[II)I @ 4 c2
Event: 1.091 Thread 0x000001ed2f3cc0f0 DEOPT PACKING pc=0x000001ed1c284914 sp=0x000000b7419feeb0
Event: 1.091 Thread 0x000001ed2f3cc0f0 DEOPT UNPACKING pc=0x000001ed147923a3 sp=0x000000b7419fee00 mode 2
Event: 1.093 Thread 0x000001ed2f3cc0f0 Uncommon trap: trap_request=0xfffffff4 fr.pc=0x000001ed1c289df4 relative=0x0000000000000154
Event: 1.093 Thread 0x000001ed2f3cc0f0 Uncommon trap: reason=null_check action=make_not_entrant pc=0x000001ed1c289df4 method=java.lang.reflect.AccessibleObject.isAccessChecked(Ljava/lang/Class;)Z @ 6 c2
Event: 1.093 Thread 0x000001ed2f3cc0f0 DEOPT PACKING pc=0x000001ed1c289df4 sp=0x000000b7419febf0
Event: 1.093 Thread 0x000001ed2f3cc0f0 DEOPT UNPACKING pc=0x000001ed147923a3 sp=0x000000b7419feb38 mode 2
Event: 1.095 Thread 0x000001ed2f3cc0f0 Uncommon trap: trap_request=0xffffff45 fr.pc=0x000001ed1c245adc relative=0x000000000000023c
Event: 1.095 Thread 0x000001ed2f3cc0f0 Uncommon trap: reason=unstable_if action=reinterpret pc=0x000001ed1c245adc method=java.lang.String.startsWith(Ljava/lang/String;I)Z @ 14 c2
Event: 1.095 Thread 0x000001ed2f3cc0f0 DEOPT PACKING pc=0x000001ed1c245adc sp=0x000000b7419fea80
Event: 1.095 Thread 0x000001ed2f3cc0f0 DEOPT UNPACKING pc=0x000001ed147923a3 sp=0x000000b7419fe9e0 mode 2

Classes unloaded (0 events):
No events

Classes redefined (0 events):
No events

Internal exceptions (20 events):
Event: 0.242 Thread 0x000001ed0cf34fd0 Exception <a 'java/lang/IncompatibleClassChangeError'{0x0000000710380358}: Found class java.lang.Object, but interface was expected> (0x0000000710380358) 
thrown [t:\workspace\open\src\hotspot\share\interpreter\linkResolver.cpp, line 833]
Event: 0.246 Thread 0x000001ed0cf34fd0 Exception <a 'java/lang/NoSuchMethodError'{0x00000007103b6ab0}: 'void java.lang.invoke.DirectMethodHandle$Holder.invokeInterface(java.lang.Object, java.lang.Object, java.lang.Object)'> (0x00000007103b6ab0) 
thrown [t:\workspace\open\src\hotspot\share\interpreter\linkResolver.cpp, line 766]
Event: 0.246 Thread 0x000001ed0cf34fd0 Exception <a 'java/lang/IncompatibleClassChangeError'{0x00000007103b9e70}: Found class java.lang.Object, but interface was expected> (0x00000007103b9e70) 
thrown [t:\workspace\open\src\hotspot\share\interpreter\linkResolver.cpp, line 833]
Event: 0.248 Thread 0x000001ed0cf34fd0 Exception <a 'java/lang/NoSuchMethodError'{0x00000007103d25b0}: 'java.lang.Object java.lang.invoke.DirectMethodHandle$Holder.invokeStatic(java.lang.Object, java.lang.Object, int)'> (0x00000007103d25b0) 
thrown [t:\workspace\open\src\hotspot\share\interpreter\linkResolver.cpp, line 766]
Event: 0.254 Thread 0x000001ed0cf34fd0 Exception <a 'java/lang/NoSuchMethodError'{0x0000000710023018}: 'void java.lang.invoke.DirectMethodHandle$Holder.invokeSpecial(java.lang.Object, java.lang.Object, java.lang.Object, java.lang.Object, java.lang.Object)'> (0x0000000710023018) 
thrown [t:\workspace\open\src\hotspot\share\interpreter\linkResolver.cpp, line 766]
Event: 0.261 Thread 0x000001ed0cf34fd0 Exception <a 'java/lang/NoSuchMethodError'{0x000000071006f918}: 'void java.lang.invoke.DirectMethodHandle$Holder.invokeInterface(java.lang.Object, java.lang.Object, java.lang.Object, java.lang.Object)'> (0x000000071006f918) 
thrown [t:\workspace\open\src\hotspot\share\interpreter\linkResolver.cpp, line 766]
Event: 0.261 Thread 0x000001ed0cf34fd0 Exception <a 'java/lang/IncompatibleClassChangeError'{0x0000000710073240}: Found class java.lang.Object, but interface was expected> (0x0000000710073240) 
thrown [t:\workspace\open\src\hotspot\share\interpreter\linkResolver.cpp, line 833]
Event: 0.262 Thread 0x000001ed0cf34fd0 Exception <a 'java/lang/NoSuchMethodError'{0x0000000710088b28}: 'void java.lang.invoke.DirectMethodHandle$Holder.invokeStatic(java.lang.Object, java.lang.Object, java.lang.Object, java.lang.Object)'> (0x0000000710088b28) 
thrown [t:\workspace\open\src\hotspot\share\interpreter\linkResolver.cpp, line 766]
Event: 0.264 Thread 0x000001ed0cf34fd0 Exception <a 'java/lang/NoSuchMethodError'{0x000000071009f7a8}: 'java.lang.Object java.lang.invoke.DirectMethodHandle$Holder.newInvokeSpecial(java.lang.Object, java.lang.Object, int)'> (0x000000071009f7a8) 
thrown [t:\workspace\open\src\hotspot\share\interpreter\linkResolver.cpp, line 766]
Event: 0.274 Thread 0x000001ed0cf34fd0 Exception <a 'java/lang/NoSuchMethodError'{0x0000000710121a88}: 'java.lang.Object java.lang.invoke.Invokers$Holder.invokeExact_MT(java.lang.Object, java.lang.Object, java.lang.Object, java.lang.Object, java.lang.Object, java.lang.Object)'> (0x0000000710121a88) 
thrown [t:\workspace\open\src\hotspot\share\interpreter\linkResolver.cpp, line 766]
Event: 0.275 Thread 0x000001ed0cf34fd0 Exception <a 'java/lang/NoSuchMethodError'{0x00000007101317f8}: 'int java.lang.invoke.DirectMethodHandle$Holder.invokeStatic(java.lang.Object, java.lang.Object, java.lang.Object, java.lang.Object, java.lang.Object)'> (0x00000007101317f8) 
thrown [t:\workspace\open\src\hotspot\share\interpreter\linkResolver.cpp, line 766]
Event: 0.281 Thread 0x000001ed0cf34fd0 Exception <a 'java/lang/NoSuchMethodError'{0x000000071016e998}: 'void java.lang.invoke.DirectMethodHandle$Holder.invokeStaticInit(java.lang.Object)'> (0x000000071016e998) 
thrown [t:\workspace\open\src\hotspot\share\interpreter\linkResolver.cpp, line 766]
Event: 0.299 Thread 0x000001ed0cf34fd0 Exception <a 'java/lang/NoSuchMethodError'{0x0000000710a37d08}: 'int java.lang.invoke.DirectMethodHandle$Holder.invokeStaticInit(java.lang.Object, java.lang.Object)'> (0x0000000710a37d08) 
thrown [t:\workspace\open\src\hotspot\share\interpreter\linkResolver.cpp, line 766]
Event: 0.316 Thread 0x000001ed0cf34fd0 Exception <a 'java/lang/NoSuchMethodError'{0x0000000710b4ee30}: 'java.lang.Object java.lang.invoke.DirectMethodHandle$Holder.newInvokeSpecial(java.lang.Object, java.lang.Object, java.lang.Object, java.lang.Object, java.lang.Object, java.lang.Object, java.lang.Object)'> (0x0000000710b4ee30) 
thrown [t:\workspace\open\src\hotspot\share\interpreter\linkResolver.cpp, line 766]
Event: 0.317 Thread 0x000001ed0cf34fd0 Exception <a 'java/lang/NoSuchMethodError'{0x0000000710b539e8}: 'java.lang.Object java.lang.invoke.Invokers$Holder.linkToTargetMethod(java.lang.Object, java.lang.Object, java.lang.Object, java.lang.Object, java.lang.Object, java.lang.Object, java.lang.Object)'> (0x0000000710b539e8) 
thrown [t:\workspace\open\src\hotspot\share\interpreter\linkResolver.cpp, line 766]
Event: 0.317 Thread 0x000001ed0cf34fd0 Exception <a 'java/lang/NoSuchMethodError'{0x0000000710b59f30}: 'java.lang.Object java.lang.invoke.DirectMethodHandle$Holder.invokeInterface(java.lang.Object, java.lang.Object, java.lang.Object, java.lang.Object, java.lang.Object)'> (0x0000000710b59f30) 
thrown [t:\workspace\open\src\hotspot\share\interpreter\linkResolver.cpp, line 766]
Event: 0.317 Thread 0x000001ed0cf34fd0 Exception <a 'java/lang/IncompatibleClassChangeError'{0x0000000710b5dd28}: Found class java.lang.Object, but interface was expected> (0x0000000710b5dd28) 
thrown [t:\workspace\open\src\hotspot\share\interpreter\linkResolver.cpp, line 833]
Event: 0.378 Thread 0x000001ed0cf34fd0 Exception <a 'java/lang/NoSuchMethodError'{0x00000007106c47b0}: 'int java.lang.invoke.DirectMethodHandle$Holder.invokeInterface(java.lang.Object, java.lang.Object)'> (0x00000007106c47b0) 
thrown [t:\workspace\open\src\hotspot\share\interpreter\linkResolver.cpp, line 766]
Event: 0.459 Thread 0x000001ed0cf34fd0 Implicit null exception at 0x000001ed1c27278e to 0x000001ed1c272a84
Event: 1.093 Thread 0x000001ed2f3cc0f0 Implicit null exception at 0x000001ed1c289ced to 0x000001ed1c289dd4

VM Operations (20 events):
Event: 0.351 Executing VM operation: HandshakeAllThreads done
Event: 0.485 Executing VM operation: G1CollectForAllocation
Event: 0.489 Executing VM operation: G1CollectForAllocation done
Event: 0.571 Executing VM operation: G1CollectForAllocation
Event: 0.576 Executing VM operation: G1CollectForAllocation done
Event: 0.638 Executing VM operation: G1CollectForAllocation
Event: 0.641 Executing VM operation: G1CollectForAllocation done
Event: 0.661 Executing VM operation: G1TryInitiateConcMark
Event: 0.662 Executing VM operation: G1TryInitiateConcMark done
Event: 0.757 Executing VM operation: G1CollectForAllocation
Event: 0.759 Executing VM operation: G1CollectForAllocation done
Event: 0.764 Executing VM operation: G1TryInitiateConcMark
Event: 0.766 Executing VM operation: G1TryInitiateConcMark done
Event: 0.871 Executing VM operation: G1CollectForAllocation
Event: 0.872 Executing VM operation: G1CollectForAllocation done
Event: 0.948 Executing VM operation: G1CollectForAllocation
Event: 0.949 Executing VM operation: G1CollectForAllocation done
Event: 0.956 Executing VM operation: G1TryInitiateConcMark
Event: 0.958 Executing VM operation: G1TryInitiateConcMark done
Event: 1.146 Executing VM operation: G1CollectForAllocation

Events (20 events):
Event: 1.092 loading class sun/util/cldr/CLDRTimeZoneNameProviderImpl
Event: 1.092 loading class sun/util/locale/provider/TimeZoneNameProviderImpl
Event: 1.092 loading class sun/util/locale/provider/TimeZoneNameProviderImpl done
Event: 1.092 loading class sun/util/cldr/CLDRTimeZoneNameProviderImpl done
Event: 1.093 loading class sun/util/locale/provider/BaseLocaleDataMetaInfo
Event: 1.093 loading class sun/util/locale/provider/BaseLocaleDataMetaInfo done
Event: 1.094 loading class sun/util/resources/cldr/TimeZoneNames
Event: 1.094 loading class sun/util/resources/TimeZoneNamesBundle
Event: 1.094 loading class sun/util/resources/OpenListResourceBundle
Event: 1.094 loading class sun/util/resources/OpenListResourceBundle done
Event: 1.094 loading class sun/util/resources/TimeZoneNamesBundle done
Event: 1.094 loading class sun/util/resources/cldr/TimeZoneNames done
Event: 1.094 loading class sun/util/resources/cldr/TimeZoneNames_en
Event: 1.095 loading class sun/util/resources/cldr/TimeZoneNames_en done
Event: 1.095 loading class sun/util/resources/cldr/TimeZoneNames_en_US
Event: 1.095 loading class sun/util/resources/cldr/TimeZoneNames_en_US done
Event: 1.095 loading class sun/util/resources/TimeZoneNames
Event: 1.096 loading class sun/util/resources/TimeZoneNames done
Event: 1.096 loading class sun/util/resources/TimeZoneNames_en
Event: 1.096 loading class sun/util/resources/TimeZoneNames_en done


Dynamic libraries:
0x00007ff701bd0000 - 0x00007ff701be0000 	C:\Program Files\Java\jdk-17\bin\java.exe
0x00007ffe65020000 - 0x00007ffe65227000 	C:\WINDOWS\SYSTEM32\ntdll.dll
0x00007ffe633c0000 - 0x00007ffe6347d000 	C:\WINDOWS\System32\KERNEL32.DLL
0x00007ffe62ab0000 - 0x00007ffe62e24000 	C:\WINDOWS\System32\KERNELBASE.dll
0x00007ffe627b0000 - 0x00007ffe628c1000 	C:\WINDOWS\System32\ucrtbase.dll
0x00007ffe5af80000 - 0x00007ffe5af9a000 	C:\Program Files\Java\jdk-17\bin\VCRUNTIME140.dll
0x00007ffe5afa0000 - 0x00007ffe5afb8000 	C:\Program Files\Java\jdk-17\bin\jli.dll
0x00007ffe63480000 - 0x00007ffe6352c000 	C:\WINDOWS\System32\ADVAPI32.dll
0x00007ffe630f0000 - 0x00007ffe63193000 	C:\WINDOWS\System32\msvcrt.dll
0x00007ffe64cd0000 - 0x00007ffe64d6d000 	C:\WINDOWS\System32\sechost.dll
0x00007ffe62fb0000 - 0x00007ffe630d1000 	C:\WINDOWS\System32\RPCRT4.dll
0x00007ffe64750000 - 0x00007ffe648fc000 	C:\WINDOWS\System32\USER32.dll
0x00007ffe62780000 - 0x00007ffe627a6000 	C:\WINDOWS\System32\win32u.dll
0x00007ffe62eb0000 - 0x00007ffe62ed9000 	C:\WINDOWS\System32\GDI32.dll
0x00007ffe4f620000 - 0x00007ffe4f8c5000 	C:\WINDOWS\WinSxS\amd64_microsoft.windows.common-controls_6595b64144ccf1df_6.0.22000.120_none_9d947278b86cc467\COMCTL32.dll
0x00007ffe62660000 - 0x00007ffe62772000 	C:\WINDOWS\System32\gdi32full.dll
0x00007ffe62500000 - 0x00007ffe6259d000 	C:\WINDOWS\System32\msvcp_win.dll
0x00007ffe5a1d0000 - 0x00007ffe5a1da000 	C:\WINDOWS\SYSTEM32\VERSION.dll
0x00007ffe64f30000 - 0x00007ffe64f61000 	C:\WINDOWS\System32\IMM32.DLL
0x00007ffe5f820000 - 0x00007ffe5f82c000 	C:\Program Files\Java\jdk-17\bin\vcruntime140_1.dll
0x00007ffe3c940000 - 0x00007ffe3c9cd000 	C:\Program Files\Java\jdk-17\bin\msvcp140.dll
0x00007ffe31150000 - 0x00007ffe31d0e000 	C:\Program Files\Java\jdk-17\bin\server\jvm.dll
0x00007ffe632c0000 - 0x00007ffe632c8000 	C:\WINDOWS\System32\PSAPI.DLL
0x00007ffe5aa60000 - 0x00007ffe5aa93000 	C:\WINDOWS\SYSTEM32\WINMM.dll
0x00007ffe5f800000 - 0x00007ffe5f809000 	C:\WINDOWS\SYSTEM32\WSOCK32.dll
0x00007ffe632d0000 - 0x00007ffe6333f000 	C:\WINDOWS\System32\WS2_32.dll
0x00007ffe615e0000 - 0x00007ffe615f8000 	C:\WINDOWS\SYSTEM32\kernel.appcore.dll
0x00007ffe5af70000 - 0x00007ffe5af7a000 	C:\Program Files\Java\jdk-17\bin\jimage.dll
0x00007ffe510b0000 - 0x00007ffe512d1000 	C:\WINDOWS\SYSTEM32\DBGHELP.DLL
0x00007ffe505f0000 - 0x00007ffe50621000 	C:\WINDOWS\SYSTEM32\dbgcore.DLL
0x00007ffe62e30000 - 0x00007ffe62eb0000 	C:\WINDOWS\System32\bcryptPrimitives.dll
0x00007ffe50f30000 - 0x00007ffe50f3e000 	C:\Program Files\Java\jdk-17\bin\instrument.dll
0x00007ffe5ab80000 - 0x00007ffe5aba5000 	C:\Program Files\Java\jdk-17\bin\java.dll
0x00007ffe34400000 - 0x00007ffe344d6000 	C:\Program Files\Java\jdk-17\bin\svml.dll
0x00007ffe63fa0000 - 0x00007ffe6474a000 	C:\WINDOWS\System32\SHELL32.dll
0x00007ffe60660000 - 0x00007ffe60ec2000 	C:\WINDOWS\SYSTEM32\windows.storage.dll
0x00007ffe637b0000 - 0x00007ffe63b28000 	C:\WINDOWS\System32\combase.dll
0x00007ffe604f0000 - 0x00007ffe60656000 	C:\WINDOWS\SYSTEM32\wintypes.dll
0x00007ffe64970000 - 0x00007ffe64a5a000 	C:\WINDOWS\System32\SHCORE.dll
0x00007ffe62f50000 - 0x00007ffe62fad000 	C:\WINDOWS\System32\shlwapi.dll
0x00007ffe62430000 - 0x00007ffe62451000 	C:\WINDOWS\SYSTEM32\profapi.dll
0x00007ffe50f50000 - 0x00007ffe50f68000 	C:\Program Files\Java\jdk-17\bin\zip.dll
0x00007ffe5ab60000 - 0x00007ffe5ab79000 	C:\Program Files\Java\jdk-17\bin\net.dll
0x00007ffe5b660000 - 0x00007ffe5b76c000 	C:\WINDOWS\SYSTEM32\WINHTTP.dll
0x00007ffe619e0000 - 0x00007ffe61a47000 	C:\WINDOWS\system32\mswsock.dll
0x00007ffe5ab40000 - 0x00007ffe5ab55000 	C:\Program Files\Java\jdk-17\bin\nio.dll
0x00007ffe50860000 - 0x00007ffe5087a000 	C:\Program Files\JetBrains\IntelliJ IDEA Educational Edition 2021.2.2\bin\breakgen64.dll

dbghelp: loaded successfully - version: 4.0.5 - missing functions: none
symbol engine: initialized successfully - sym options: 0x614 - pdb path: .;C:\Program Files\Java\jdk-17\bin;C:\WINDOWS\SYSTEM32;C:\WINDOWS\WinSxS\amd64_microsoft.windows.common-controls_6595b64144ccf1df_6.0.22000.120_none_9d947278b86cc467;C:\Program Files\Java\jdk-17\bin\server;C:\Program Files\JetBrains\IntelliJ IDEA Educational Edition 2021.2.2\bin

VM Arguments:
jvm_args: -ea -Didea.test.cyclic.buffer.size=1048576 -javaagent:C:\Program Files\JetBrains\IntelliJ IDEA Educational Edition 2021.2.2\lib\idea_rt.jar=62454:C:\Program Files\JetBrains\IntelliJ IDEA Educational Edition 2021.2.2\bin -Dfile.encoding=UTF-8 
java_command: com.intellij.rt.junit.JUnitStarter -ideVersion5 -junit5 NavigationDataFileTest,navigationDataToObject
java_class_path (initial): C:\Users\Laci\.m2\repository\org\junit\platform\junit-platform-launcher\1.8.1\junit-platform-launcher-1.8.1.jar;C:\Users\Laci\.m2\repository\org\junit\platform\junit-platform-engine\1.8.1\junit-platform-engine-1.8.1.jar;C:\Users\Laci\.m2\repository\org\junit\jupiter\junit-jupiter-engine\5.8.1\junit-jupiter-engine-5.8.1.jar;C:\Program Files\JetBrains\IntelliJ IDEA Educational Edition 2021.2.2\lib\idea_rt.jar;C:\Program Files\JetBrains\IntelliJ IDEA Educational Edition 2021.2.2\plugins\junit\lib\junit5-rt.jar;C:\Program Files\JetBrains\IntelliJ IDEA Educational Edition 2021.2.2\plugins\junit\lib\junit-rt.jar;C:\Users\Laci\IdeaProjects\ApiNG\target\test-classes;C:\Users\Laci\IdeaProjects\ApiNG\target\classes;C:\Users\Laci\.m2\repository\com\google\code\gson\gson\2.8.9\gson-2.8.9.jar;C:\Users\Laci\.m2\repository\org\apache\httpcomponents\httpclient\4.5.13\httpclient-4.5.13.jar;C:\Users\Laci\.m2\repository\org\apache\httpcomponents\httpcore\4.4.13\httpcore-4.4.13.jar;C:\Users\Laci\.m2\repository\commons-logging\commons-logging\1.2\commons-logging-1.2.jar;C:\Users\Laci\.m2\repository\commons-codec\commons-codec\1.11\commons-codec-1.11.jar;C:\Users\Laci\.m2\repository\com\fasterxml\jackson\core\jackson-annotations\2.5.4\jackson-annotations-2.5.4.jar;C:\Users\Laci\.m2\repository\com\fasterxml\jackson\core\jackson-databind\2.5.4\jackson-databind-2.5.4.jar;C:\Users\Laci\.m2\repository\com\fasterxml\jackson\core\jackson-core\2.5.4\jackson-core-2.5.4.jar;C:\Users\Laci\.m2\repository\org\junit\jupiter\junit-jupiter-api\5.8.1\junit-jupiter-api-5.8.1.jar;C:\Users\Laci\.m2\repository\org\opentest4j\opentest4j\1.2.0\opentest4j-1.2.0.jar;C:\Users\Laci\.m2\repository\org\junit\platform\junit-platform-commons\1.8.1\junit-platform-commons-1.8.1.jar;C:\Users\Laci\.m2\repository\org\apiguardian\apiguardian-api\1.1.2\apiguardian-api-1.1.2.jar
Launcher Type: SUN_STANDARD

[Global flags]
     intx CICompilerCount                          = 3                                         {product} {ergonomic}
     uint ConcGCThreads                            = 1                                         {product} {ergonomic}
     uint G1ConcRefinementThreads                  = 4                                         {product} {ergonomic}
   size_t G1HeapRegionSize                         = 2097152                                   {product} {ergonomic}
    uintx GCDrainStackTargetSize                   = 64                                        {product} {ergonomic}
   size_t InitialHeapSize                          = 268435456                                 {product} {ergonomic}
   size_t MarkStackSize                            = 4194304                                   {product} {ergonomic}
   size_t MaxHeapSize                              = 4282384384                                {product} {ergonomic}
   size_t MaxNewSize                               = 2569011200                                {product} {ergonomic}
   size_t MinHeapDeltaBytes                        = 2097152                                   {product} {ergonomic}
   size_t MinHeapSize                              = 8388608                                   {product} {ergonomic}
    uintx NonNMethodCodeHeapSize                   = 5832780                                {pd product} {ergonomic}
    uintx NonProfiledCodeHeapSize                  = 122912730                              {pd product} {ergonomic}
    uintx ProfiledCodeHeapSize                     = 122912730                              {pd product} {ergonomic}
    uintx ReservedCodeCacheSize                    = 251658240                              {pd product} {ergonomic}
     bool SegmentedCodeCache                       = true                                      {product} {ergonomic}
   size_t SoftMaxHeapSize                          = 4282384384                             {manageable} {ergonomic}
     bool UseCompressedClassPointers               = true                           {product lp64_product} {ergonomic}
     bool UseCompressedOops                        = true                           {product lp64_product} {ergonomic}
     bool UseG1GC                                  = true                                      {product} {ergonomic}
     bool UseLargePagesIndividualAllocation        = false                                  {pd product} {ergonomic}

Logging:
Log output configuration:
 #0: stdout all=warning uptime,level,tags
 #1: stderr all=off uptime,level,tags

Environment Variables:
PATH=C:\Program Files\Common Files\Oracle\Java\javapath;C:\Windows\system32;C:\Windows;C:\Windows\System32\Wbem;C:\Windows\System32\WindowsPowerShell\v1.0\;C:\WINDOWS\system32;C:\WINDOWS;C:\WINDOWS\System32\Wbem;C:\WINDOWS\System32\WindowsPowerShell\v1.0\;C:\WINDOWS\System32\OpenSSH\;C:\Android;C:\Users\Laci\AppData\Local\Microsoft\WindowsApps;C:\adb;c:\Program Files\Java\jdk-11.0.1\bin\;C:\Program Files (x86)\NVIDIA Corporation\PhysX\Common;C:\WINDOWS\system32;C:\WINDOWS;C:\WINDOWS\System32\Wbem;C:\WINDOWS\System32\WindowsPowerShell\v1.0\;C:\WINDOWS\System32\OpenSSH\;C:\Program Files\NVIDIA Corporation\NVIDIA NvDLISR;C:\Program Files\Git\cmd;C:\Program Files\PowerShell\7\;C:\Users\Laci\AppData\Local\Microsoft\WindowsApps;C:\Program Files\JetBrains\IntelliJ IDEA Community Edition 2019.2.2\bin;;C:\Users\Laci\AppData\Local\Programs\Microsoft VS Code\bin;C:\Users\Laci\.platformio\penv\Scripts;C:\msys64\mingw64\bin;C:\Users\Laci\AppData\Local\GitHubDesktop\bin;C:\Program Files\Java\jdk-17\bin;
USERNAME=Laci
OS=Windows_NT
PROCESSOR_IDENTIFIER=Intel64 Family 6 Model 60 Stepping 3, GenuineIntel



---------------  S Y S T E M  ---------------

OS:
 Windows 10 , 64 bit Build 22000 (10.0.22000.282)
OS uptime: 0 days 11:05 hours
Hyper-V role detected

CPU: total 4 (initial active 4) (4 cores per cpu, 1 threads per core) family 6 model 60 stepping 3 microcode 0x28, cx8, cmov, fxsr, mmx, sse, sse2, sse3, ssse3, sse4.1, sse4.2, popcnt, lzcnt, tsc, tscinvbit, avx, avx2, aes, erms, clmul, bmi1, bmi2, fma, vzeroupper, clflush, hv

Memory: 4k page, system-wide physical 16331M (2875M free)
TotalPageFile size 16331M (AvailPageFile size 451M)
current process WorkingSet (physical memory assigned to process): 705M, peak: 705M
current process commit charge ("private bytes"): 759M, peak: 1405M

vm_info: Java HotSpot(TM) 64-Bit Server VM (17+35-LTS-2724) for windows-amd64 JRE (17+35-LTS-2724), built on Aug  5 2021 23:28:28 by "mach5one" with MS VC++ 16.8 (VS2019)

END.
